[FATAL] 2017-04-17 15:19:42: 0        [main] ( BasicLogger.java,98 ) - [info] HotkeyManager: add Capture Hotkey: CTRL+SHIFT 2 (50, 3)
[FATAL] 2017-04-17 15:19:42: 363      [main] ( BasicLogger.java,98 ) - [info] HotkeyManager: add Abort Hotkey: ALT+SHIFT C (67, 9)
[FATAL] 2017-04-17 15:20:09: 27444     [MainThread] ( BasicLogger.java,98 ) - [info] IDE startup: 53.2 seconds
[FATAL] 2017-04-17 15:24:21: 279740     [AWT-EventQueue-0] ( BasicLogger.java,74 ) - 
java.lang.NullPointerException
	at org.app.co.jp.dao.ScenarioDao.searchList(ScenarioDao.java:54)
	at org.app.co.jp.ap.ScenarioDialog.searchDetailList(ScenarioDialog.java:467)
	at org.app.co.jp.ap.ScenarioDialog.initialize(ScenarioDialog.java:150)
	at org.app.co.jp.ap.ScenarioDialog.<init>(ScenarioDialog.java:99)
	at org.app.co.jp.ap.ScenarioListDialog$5.actionPerformed(ScenarioListDialog.java:335)
	at javax.swing.AbstractButton.fireActionPerformed(AbstractButton.java:2022)
	at javax.swing.AbstractButton$Handler.actionPerformed(AbstractButton.java:2346)
	at javax.swing.DefaultButtonModel.fireActionPerformed(DefaultButtonModel.java:402)
	at javax.swing.DefaultButtonModel.setPressed(DefaultButtonModel.java:259)
	at javax.swing.plaf.basic.BasicButtonListener.mouseReleased(BasicButtonListener.java:252)
	at java.awt.Component.processMouseEvent(Component.java:6527)
	at javax.swing.JComponent.processMouseEvent(JComponent.java:3321)
	at java.awt.Component.processEvent(Component.java:6292)
	at java.awt.Container.processEvent(Container.java:2234)
	at java.awt.Component.dispatchEventImpl(Component.java:4883)
	at java.awt.Container.dispatchEventImpl(Container.java:2292)
	at java.awt.Component.dispatchEvent(Component.java:4705)
	at java.awt.LightweightDispatcher.retargetMouseEvent(Container.java:4898)
	at java.awt.LightweightDispatcher.processMouseEvent(Container.java:4533)
	at java.awt.LightweightDispatcher.dispatchEvent(Container.java:4462)
	at java.awt.Container.dispatchEventImpl(Container.java:2278)
	at java.awt.Window.dispatchEventImpl(Window.java:2739)
	at java.awt.Component.dispatchEvent(Component.java:4705)
	at java.awt.EventQueue.dispatchEventImpl(EventQueue.java:746)
	at java.awt.EventQueue.access$400(EventQueue.java:97)
	at java.awt.EventQueue$3.run(EventQueue.java:697)
	at java.awt.EventQueue$3.run(EventQueue.java:691)
	at java.security.AccessController.doPrivileged(Native Method)
	at java.security.ProtectionDomain$1.doIntersectionPrivilege(ProtectionDomain.java:75)
	at java.security.ProtectionDomain$1.doIntersectionPrivilege(ProtectionDomain.java:86)
	at java.awt.EventQueue$4.run(EventQueue.java:719)
	at java.awt.EventQueue$4.run(EventQueue.java:717)
	at java.security.AccessController.doPrivileged(Native Method)
	at java.security.ProtectionDomain$1.doIntersectionPrivilege(ProtectionDomain.java:75)
	at java.awt.EventQueue.dispatchEvent(EventQueue.java:716)
	at java.awt.EventDispatchThread.pumpOneEventForFilters(EventDispatchThread.java:201)
	at java.awt.EventDispatchThread.pumpEventsForFilter(EventDispatchThread.java:116)
	at java.awt.EventDispatchThread.pumpEventsForHierarchy(EventDispatchThread.java:105)
	at java.awt.EventDispatchThread.pumpEvents(EventDispatchThread.java:101)
	at java.awt.EventDispatchThread.pumpEvents(EventDispatchThread.java:93)
	at java.awt.EventDispatchThread.run(EventDispatchThread.java:82)

[FATAL] 2017-04-17 15:32:18: 0        [main] ( BasicLogger.java,98 ) - [info] HotkeyManager: add Capture Hotkey: CTRL+SHIFT 2 (50, 3)
[FATAL] 2017-04-17 15:32:18: 34       [main] ( BasicLogger.java,98 ) - [info] HotkeyManager: add Abort Hotkey: ALT+SHIFT C (67, 9)
[FATAL] 2017-04-17 15:32:29: 11359     [MainThread] ( BasicLogger.java,98 ) - [info] IDE startup: 12.4 seconds
[FATAL] 2017-04-17 15:39:03: 0        [main] ( BasicLogger.java,98 ) - [info] HotkeyManager: add Capture Hotkey: CTRL+SHIFT 2 (50, 3)
[FATAL] 2017-04-17 15:39:03: 37       [main] ( BasicLogger.java,98 ) - [info] HotkeyManager: add Abort Hotkey: ALT+SHIFT C (67, 9)
[FATAL] 2017-04-17 15:39:19: 15738     [MainThread] ( BasicLogger.java,98 ) - [info] IDE startup: 16.6 seconds
[FATAL] 2017-04-17 15:40:25: 0        [main] ( BasicLogger.java,98 ) - [info] HotkeyManager: add Capture Hotkey: CTRL+SHIFT 2 (50, 3)
[FATAL] 2017-04-17 15:40:25: 26       [main] ( BasicLogger.java,98 ) - [info] HotkeyManager: add Abort Hotkey: ALT+SHIFT C (67, 9)
[FATAL] 2017-04-17 15:40:38: 13501     [MainThread] ( BasicLogger.java,98 ) - [info] IDE startup: 14.1 seconds
[FATAL] 2017-04-17 15:51:21: 1        [main] ( BasicLogger.java,98 ) - [info] HotkeyManager: add Capture Hotkey: CTRL+SHIFT 2 (50, 3)
[FATAL] 2017-04-17 15:51:21: 172      [main] ( BasicLogger.java,98 ) - [info] HotkeyManager: add Abort Hotkey: ALT+SHIFT C (67, 9)
[FATAL] 2017-04-17 15:51:40: 19440     [MainThread] ( BasicLogger.java,98 ) - [info] IDE startup: 22.2 seconds
[FATAL] 2017-04-17 15:54:38: 197069     [Thread-13] ( BasicLogger.java,74 ) - 
java.lang.NullPointerException
	at org.app.co.jp.dao.ScenarioDao.searchList(ScenarioDao.java:56)
	at org.app.co.jp.dao.OperationDao.getDefinitionInfoByOperationId(OperationDao.java:495)
	at org.app.co.jp.util.Utils.getOperationDefinitionData(Utils.java:863)
	at org.app.co.jp.util.Utils.analysisCommand(Utils.java:747)
	at org.app.co.jp.util.Utils.addOuterDealPython(Utils.java:505)
	at org.sikuli.scriptrunner.JythonScriptRunner.runPython(JythonScriptRunner.java:204)
	at org.sikuli.scriptrunner.JythonScriptRunner.runScript(JythonScriptRunner.java:178)
	at org.app.co.jp.util.RunHelp$SubRun.run(RunHelp.java:82)
	at java.lang.Thread.run(Thread.java:745)

[FATAL] 2017-04-17 15:57:20: 1        [main] ( BasicLogger.java,98 ) - [info] HotkeyManager: add Capture Hotkey: CTRL+SHIFT 2 (50, 3)
[FATAL] 2017-04-17 15:57:21: 1480     [main] ( BasicLogger.java,98 ) - [info] HotkeyManager: add Abort Hotkey: ALT+SHIFT C (67, 9)
[FATAL] 2017-04-17 15:58:12: 52513     [MainThread] ( BasicLogger.java,98 ) - [info] IDE startup: 73.8 seconds
[FATAL] 2017-04-17 15:58:23: 63954     [Thread-11] ( BasicLogger.java,98 ) - [log] App.open [2400:WinSCP.exe]
[FATAL] 2017-04-17 15:59:13: 113749     [Thread-12] ( BasicLogger.java,98 ) - [log] App.open [11488:WinSCP.exe]
[FATAL] 2017-04-17 15:59:16: 116323     [Thread-12] ( BasicLogger.java,98 ) - [log] App.close: [11488:WinSCP.exe]
[FATAL] 2017-04-17 15:59:39: 138963     [Thread-14] ( BasicLogger.java,98 ) - [log] App.open [8996:WinSCP.exe]
[FATAL] 2017-04-17 15:59:41: 141195     [Thread-14] ( BasicLogger.java,98 ) - [log] App.close: [8996:WinSCP.exe]
