[FATAL] 2017-04-06 17:43:07: 0        [main] ( BasicLogger.java,74 ) - 
java.lang.StringIndexOutOfBoundsException: String index out of range: -1
	at java.lang.String.substring(String.java:1954)
	at org.app.co.jp.util.Utils.getOperationId(Utils.java:708)
	at org.app.co.jp.util.Utils.analysisCommand(Utils.java:671)
	at org.app.co.jp.util.Utils.addOuterDealPython(Utils.java:476)
	at org.app.co.jp.util.DomXMLUtils.main(DomXMLUtils.java:54)

[FATAL] 2017-04-06 17:44:49: 0        [main] ( BasicLogger.java,74 ) - 
java.lang.NullPointerException
	at org.app.co.jp.util.Utils.checkOperationId(Utils.java:738)
	at org.app.co.jp.util.Utils.analysisCommand(Utils.java:673)
	at org.app.co.jp.util.Utils.addOuterDealPython(Utils.java:476)
	at org.app.co.jp.util.DomXMLUtils.main(DomXMLUtils.java:54)

[FATAL] 2017-04-06 17:45:24: 0        [main] ( BasicLogger.java,74 ) - 
java.lang.NullPointerException
	at org.app.co.jp.util.Utils.checkOperationId(Utils.java:738)
	at org.app.co.jp.util.Utils.analysisCommand(Utils.java:673)
	at org.app.co.jp.util.Utils.addOuterDealPython(Utils.java:476)
	at org.app.co.jp.util.DomXMLUtils.main(DomXMLUtils.java:54)

[FATAL] 2017-04-06 17:47:11: 0        [main] ( BasicLogger.java,74 ) - 
java.lang.NullPointerException
	at org.app.co.jp.util.Utils.checkOperationId(Utils.java:738)
	at org.app.co.jp.util.Utils.analysisCommand(Utils.java:673)
	at org.app.co.jp.util.Utils.addOuterDealPython(Utils.java:476)
	at org.app.co.jp.util.DomXMLUtils.main(DomXMLUtils.java:54)

[FATAL] 2017-04-06 17:47:38: 0        [main] ( BasicLogger.java,74 ) - 
java.lang.NullPointerException
	at org.app.co.jp.util.Utils.checkOperationId(Utils.java:738)
	at org.app.co.jp.util.Utils.analysisCommand(Utils.java:673)
	at org.app.co.jp.util.Utils.addOuterDealPython(Utils.java:476)
	at org.app.co.jp.util.DomXMLUtils.main(DomXMLUtils.java:54)

[FATAL] 2017-04-06 17:49:30: 0        [main] ( BasicLogger.java,74 ) - 
java.io.FileNotFoundException: .\excelApl\scenarios\STEP_1\SCENARIO.xml (The system cannot find the path specified)
	at java.io.FileInputStream.open(Native Method)
	at java.io.FileInputStream.<init>(FileInputStream.java:131)
	at org.app.co.jp.dao.ScenarioDao.getScenarioOperationType(ScenarioDao.java:303)
	at org.app.co.jp.dao.OperationDataDao.search(OperationDataDao.java:41)
	at org.app.co.jp.dao.OperationDao.searchCopyList(OperationDao.java:114)
	at org.app.co.jp.util.Utils.checkOperationId(Utils.java:726)
	at org.app.co.jp.util.Utils.analysisCommand(Utils.java:673)
	at org.app.co.jp.util.Utils.addOuterDealPython(Utils.java:476)
	at org.app.co.jp.util.DomXMLUtils.main(DomXMLUtils.java:54)

[FATAL] 2017-04-06 17:49:30: 5        [main] ( BasicLogger.java,74 ) - 
java.io.FileNotFoundException: .\excelApl\scenarios\STEP_1\SCENARIO.xml (The system cannot find the path specified)
	at java.io.FileInputStream.open(Native Method)
	at java.io.FileInputStream.<init>(FileInputStream.java:131)
	at org.app.co.jp.dao.ScenarioDao.getScenarioOperationType(ScenarioDao.java:303)
	at org.app.co.jp.dao.OperationDataDao.search(OperationDataDao.java:41)
	at org.app.co.jp.dao.OperationDao.searchCopyList(OperationDao.java:114)
	at org.app.co.jp.util.Utils.checkOperationId(Utils.java:726)
	at org.app.co.jp.util.Utils.analysisCommand(Utils.java:673)
	at org.app.co.jp.util.Utils.addOuterDealPython(Utils.java:476)
	at org.app.co.jp.util.DomXMLUtils.main(DomXMLUtils.java:54)

[FATAL] 2017-04-06 17:49:30: 8        [main] ( BasicLogger.java,74 ) - 
java.io.FileNotFoundException: .\excelApl\scenarios\STEP_2\SCENARIO.xml (The system cannot find the path specified)
	at java.io.FileInputStream.open(Native Method)
	at java.io.FileInputStream.<init>(FileInputStream.java:131)
	at org.app.co.jp.dao.ScenarioDao.getScenarioOperationType(ScenarioDao.java:303)
	at org.app.co.jp.dao.OperationDataDao.search(OperationDataDao.java:41)
	at org.app.co.jp.dao.OperationDao.searchCopyList(OperationDao.java:114)
	at org.app.co.jp.util.Utils.checkOperationId(Utils.java:726)
	at org.app.co.jp.util.Utils.analysisCommand(Utils.java:673)
	at org.app.co.jp.util.Utils.addOuterDealPython(Utils.java:476)
	at org.app.co.jp.util.DomXMLUtils.main(DomXMLUtils.java:54)

[FATAL] 2017-04-06 17:49:30: 10       [main] ( BasicLogger.java,74 ) - 
java.io.FileNotFoundException: .\excelApl\scenarios\STEP_2\SCENARIO.xml (The system cannot find the path specified)
	at java.io.FileInputStream.open(Native Method)
	at java.io.FileInputStream.<init>(FileInputStream.java:131)
	at org.app.co.jp.dao.ScenarioDao.getScenarioOperationType(ScenarioDao.java:303)
	at org.app.co.jp.dao.OperationDataDao.search(OperationDataDao.java:41)
	at org.app.co.jp.dao.OperationDao.searchCopyList(OperationDao.java:114)
	at org.app.co.jp.util.Utils.checkOperationId(Utils.java:726)
	at org.app.co.jp.util.Utils.analysisCommand(Utils.java:673)
	at org.app.co.jp.util.Utils.addOuterDealPython(Utils.java:476)
	at org.app.co.jp.util.DomXMLUtils.main(DomXMLUtils.java:54)

[FATAL] 2017-04-06 17:49:30: 45       [main] ( BasicLogger.java,74 ) - 
java.io.FileNotFoundException: .\excelApl\scenarios\STEP_1\SCENARIO.xml (The system cannot find the path specified)
	at java.io.FileInputStream.open(Native Method)
	at java.io.FileInputStream.<init>(FileInputStream.java:131)
	at org.app.co.jp.dao.ScenarioDao.getScenarioOperationType(ScenarioDao.java:303)
	at org.app.co.jp.dao.OperationDataDao.search(OperationDataDao.java:41)
	at org.app.co.jp.dao.OperationDao.searchCopyList(OperationDao.java:114)
	at org.app.co.jp.util.Utils.checkOperationId(Utils.java:726)
	at org.app.co.jp.util.Utils.analysisCommand(Utils.java:673)
	at org.app.co.jp.util.Utils.addOuterDealPython(Utils.java:476)
	at org.app.co.jp.util.DomXMLUtils.main(DomXMLUtils.java:54)

[FATAL] 2017-04-06 17:49:30: 48       [main] ( BasicLogger.java,74 ) - 
java.io.FileNotFoundException: .\excelApl\scenarios\STEP_1\SCENARIO.xml (The system cannot find the path specified)
	at java.io.FileInputStream.open(Native Method)
	at java.io.FileInputStream.<init>(FileInputStream.java:131)
	at org.app.co.jp.dao.ScenarioDao.getScenarioOperationType(ScenarioDao.java:303)
	at org.app.co.jp.dao.OperationDataDao.search(OperationDataDao.java:41)
	at org.app.co.jp.dao.OperationDao.searchCopyList(OperationDao.java:114)
	at org.app.co.jp.util.Utils.checkOperationId(Utils.java:726)
	at org.app.co.jp.util.Utils.analysisCommand(Utils.java:673)
	at org.app.co.jp.util.Utils.addOuterDealPython(Utils.java:476)
	at org.app.co.jp.util.DomXMLUtils.main(DomXMLUtils.java:54)

[FATAL] 2017-04-06 17:49:30: 50       [main] ( BasicLogger.java,74 ) - 
java.io.FileNotFoundException: .\excelApl\scenarios\STEP_2\SCENARIO.xml (The system cannot find the path specified)
	at java.io.FileInputStream.open(Native Method)
	at java.io.FileInputStream.<init>(FileInputStream.java:131)
	at org.app.co.jp.dao.ScenarioDao.getScenarioOperationType(ScenarioDao.java:303)
	at org.app.co.jp.dao.OperationDataDao.search(OperationDataDao.java:41)
	at org.app.co.jp.dao.OperationDao.searchCopyList(OperationDao.java:114)
	at org.app.co.jp.util.Utils.checkOperationId(Utils.java:726)
	at org.app.co.jp.util.Utils.analysisCommand(Utils.java:673)
	at org.app.co.jp.util.Utils.addOuterDealPython(Utils.java:476)
	at org.app.co.jp.util.DomXMLUtils.main(DomXMLUtils.java:54)

[FATAL] 2017-04-06 17:49:30: 51       [main] ( BasicLogger.java,74 ) - 
java.io.FileNotFoundException: .\excelApl\scenarios\STEP_2\SCENARIO.xml (The system cannot find the path specified)
	at java.io.FileInputStream.open(Native Method)
	at java.io.FileInputStream.<init>(FileInputStream.java:131)
	at org.app.co.jp.dao.ScenarioDao.getScenarioOperationType(ScenarioDao.java:303)
	at org.app.co.jp.dao.OperationDataDao.search(OperationDataDao.java:41)
	at org.app.co.jp.dao.OperationDao.searchCopyList(OperationDao.java:114)
	at org.app.co.jp.util.Utils.checkOperationId(Utils.java:726)
	at org.app.co.jp.util.Utils.analysisCommand(Utils.java:673)
	at org.app.co.jp.util.Utils.addOuterDealPython(Utils.java:476)
	at org.app.co.jp.util.DomXMLUtils.main(DomXMLUtils.java:54)

[FATAL] 2017-04-06 17:49:30: 56       [main] ( BasicLogger.java,74 ) - 
java.io.FileNotFoundException: .\excelApl\scenarios\STEP_1\SCENARIO.xml (The system cannot find the path specified)
	at java.io.FileInputStream.open(Native Method)
	at java.io.FileInputStream.<init>(FileInputStream.java:131)
	at org.app.co.jp.dao.ScenarioDao.getScenarioOperationType(ScenarioDao.java:303)
	at org.app.co.jp.dao.OperationDataDao.search(OperationDataDao.java:41)
	at org.app.co.jp.dao.OperationDao.searchCopyList(OperationDao.java:114)
	at org.app.co.jp.util.Utils.checkOperationId(Utils.java:726)
	at org.app.co.jp.util.Utils.analysisCommand(Utils.java:673)
	at org.app.co.jp.util.Utils.addOuterDealPython(Utils.java:476)
	at org.app.co.jp.util.DomXMLUtils.main(DomXMLUtils.java:54)

[FATAL] 2017-04-06 17:49:30: 57       [main] ( BasicLogger.java,74 ) - 
java.io.FileNotFoundException: .\excelApl\scenarios\STEP_1\SCENARIO.xml (The system cannot find the path specified)
	at java.io.FileInputStream.open(Native Method)
	at java.io.FileInputStream.<init>(FileInputStream.java:131)
	at org.app.co.jp.dao.ScenarioDao.getScenarioOperationType(ScenarioDao.java:303)
	at org.app.co.jp.dao.OperationDataDao.search(OperationDataDao.java:41)
	at org.app.co.jp.dao.OperationDao.searchCopyList(OperationDao.java:114)
	at org.app.co.jp.util.Utils.checkOperationId(Utils.java:726)
	at org.app.co.jp.util.Utils.analysisCommand(Utils.java:673)
	at org.app.co.jp.util.Utils.addOuterDealPython(Utils.java:476)
	at org.app.co.jp.util.DomXMLUtils.main(DomXMLUtils.java:54)

[FATAL] 2017-04-06 17:49:30: 58       [main] ( BasicLogger.java,74 ) - 
java.io.FileNotFoundException: .\excelApl\scenarios\STEP_2\SCENARIO.xml (The system cannot find the path specified)
	at java.io.FileInputStream.open(Native Method)
	at java.io.FileInputStream.<init>(FileInputStream.java:131)
	at org.app.co.jp.dao.ScenarioDao.getScenarioOperationType(ScenarioDao.java:303)
	at org.app.co.jp.dao.OperationDataDao.search(OperationDataDao.java:41)
	at org.app.co.jp.dao.OperationDao.searchCopyList(OperationDao.java:114)
	at org.app.co.jp.util.Utils.checkOperationId(Utils.java:726)
	at org.app.co.jp.util.Utils.analysisCommand(Utils.java:673)
	at org.app.co.jp.util.Utils.addOuterDealPython(Utils.java:476)
	at org.app.co.jp.util.DomXMLUtils.main(DomXMLUtils.java:54)

[FATAL] 2017-04-06 17:49:30: 59       [main] ( BasicLogger.java,74 ) - 
java.io.FileNotFoundException: .\excelApl\scenarios\STEP_2\SCENARIO.xml (The system cannot find the path specified)
	at java.io.FileInputStream.open(Native Method)
	at java.io.FileInputStream.<init>(FileInputStream.java:131)
	at org.app.co.jp.dao.ScenarioDao.getScenarioOperationType(ScenarioDao.java:303)
	at org.app.co.jp.dao.OperationDataDao.search(OperationDataDao.java:41)
	at org.app.co.jp.dao.OperationDao.searchCopyList(OperationDao.java:114)
	at org.app.co.jp.util.Utils.checkOperationId(Utils.java:726)
	at org.app.co.jp.util.Utils.analysisCommand(Utils.java:673)
	at org.app.co.jp.util.Utils.addOuterDealPython(Utils.java:476)
	at org.app.co.jp.util.DomXMLUtils.main(DomXMLUtils.java:54)

[FATAL] 2017-04-06 17:49:30: 72       [main] ( BasicLogger.java,74 ) - 
java.io.FileNotFoundException: .\excelApl\scenarios\STEP_1\SCENARIO.xml (The system cannot find the path specified)
	at java.io.FileInputStream.open(Native Method)
	at java.io.FileInputStream.<init>(FileInputStream.java:131)
	at org.app.co.jp.dao.ScenarioDao.getScenarioOperationType(ScenarioDao.java:303)
	at org.app.co.jp.dao.OperationDataDao.search(OperationDataDao.java:41)
	at org.app.co.jp.dao.OperationDao.searchCopyList(OperationDao.java:114)
	at org.app.co.jp.util.Utils.checkOperationId(Utils.java:726)
	at org.app.co.jp.util.Utils.analysisCommand(Utils.java:673)
	at org.app.co.jp.util.Utils.addOuterDealPython(Utils.java:476)
	at org.app.co.jp.util.DomXMLUtils.main(DomXMLUtils.java:54)

[FATAL] 2017-04-06 17:49:30: 73       [main] ( BasicLogger.java,74 ) - 
java.io.FileNotFoundException: .\excelApl\scenarios\STEP_1\SCENARIO.xml (The system cannot find the path specified)
	at java.io.FileInputStream.open(Native Method)
	at java.io.FileInputStream.<init>(FileInputStream.java:131)
	at org.app.co.jp.dao.ScenarioDao.getScenarioOperationType(ScenarioDao.java:303)
	at org.app.co.jp.dao.OperationDataDao.search(OperationDataDao.java:41)
	at org.app.co.jp.dao.OperationDao.searchCopyList(OperationDao.java:114)
	at org.app.co.jp.util.Utils.checkOperationId(Utils.java:726)
	at org.app.co.jp.util.Utils.analysisCommand(Utils.java:673)
	at org.app.co.jp.util.Utils.addOuterDealPython(Utils.java:476)
	at org.app.co.jp.util.DomXMLUtils.main(DomXMLUtils.java:54)

[FATAL] 2017-04-06 17:49:30: 74       [main] ( BasicLogger.java,74 ) - 
java.io.FileNotFoundException: .\excelApl\scenarios\STEP_2\SCENARIO.xml (The system cannot find the path specified)
	at java.io.FileInputStream.open(Native Method)
	at java.io.FileInputStream.<init>(FileInputStream.java:131)
	at org.app.co.jp.dao.ScenarioDao.getScenarioOperationType(ScenarioDao.java:303)
	at org.app.co.jp.dao.OperationDataDao.search(OperationDataDao.java:41)
	at org.app.co.jp.dao.OperationDao.searchCopyList(OperationDao.java:114)
	at org.app.co.jp.util.Utils.checkOperationId(Utils.java:726)
	at org.app.co.jp.util.Utils.analysisCommand(Utils.java:673)
	at org.app.co.jp.util.Utils.addOuterDealPython(Utils.java:476)
	at org.app.co.jp.util.DomXMLUtils.main(DomXMLUtils.java:54)

[FATAL] 2017-04-06 17:49:30: 75       [main] ( BasicLogger.java,74 ) - 
java.io.FileNotFoundException: .\excelApl\scenarios\STEP_2\SCENARIO.xml (The system cannot find the path specified)
	at java.io.FileInputStream.open(Native Method)
	at java.io.FileInputStream.<init>(FileInputStream.java:131)
	at org.app.co.jp.dao.ScenarioDao.getScenarioOperationType(ScenarioDao.java:303)
	at org.app.co.jp.dao.OperationDataDao.search(OperationDataDao.java:41)
	at org.app.co.jp.dao.OperationDao.searchCopyList(OperationDao.java:114)
	at org.app.co.jp.util.Utils.checkOperationId(Utils.java:726)
	at org.app.co.jp.util.Utils.analysisCommand(Utils.java:673)
	at org.app.co.jp.util.Utils.addOuterDealPython(Utils.java:476)
	at org.app.co.jp.util.DomXMLUtils.main(DomXMLUtils.java:54)

[FATAL] 2017-04-06 17:52:02: 0        [main] ( BasicLogger.java,74 ) - 
java.io.FileNotFoundException: .\excelApl\scenarios\STEP_1\SCENARIO.xml (The system cannot find the path specified)
	at java.io.FileInputStream.open(Native Method)
	at java.io.FileInputStream.<init>(FileInputStream.java:131)
	at org.app.co.jp.dao.ScenarioDao.getScenarioOperationType(ScenarioDao.java:303)
	at org.app.co.jp.dao.OperationDataDao.search(OperationDataDao.java:41)
	at org.app.co.jp.dao.OperationDao.searchCopyList(OperationDao.java:114)
	at org.app.co.jp.util.Utils.checkOperationId(Utils.java:726)
	at org.app.co.jp.util.Utils.analysisCommand(Utils.java:673)
	at org.app.co.jp.util.Utils.addOuterDealPython(Utils.java:476)
	at org.app.co.jp.util.DomXMLUtils.main(DomXMLUtils.java:54)

[FATAL] 2017-04-06 17:52:02: 6        [main] ( BasicLogger.java,74 ) - 
java.io.FileNotFoundException: .\excelApl\scenarios\STEP_1\SCENARIO.xml (The system cannot find the path specified)
	at java.io.FileInputStream.open(Native Method)
	at java.io.FileInputStream.<init>(FileInputStream.java:131)
	at org.app.co.jp.dao.ScenarioDao.getScenarioOperationType(ScenarioDao.java:303)
	at org.app.co.jp.dao.OperationDataDao.search(OperationDataDao.java:41)
	at org.app.co.jp.dao.OperationDao.searchCopyList(OperationDao.java:114)
	at org.app.co.jp.util.Utils.checkOperationId(Utils.java:726)
	at org.app.co.jp.util.Utils.analysisCommand(Utils.java:673)
	at org.app.co.jp.util.Utils.addOuterDealPython(Utils.java:476)
	at org.app.co.jp.util.DomXMLUtils.main(DomXMLUtils.java:54)

[FATAL] 2017-04-06 17:52:02: 10       [main] ( BasicLogger.java,74 ) - 
java.io.FileNotFoundException: .\excelApl\scenarios\STEP_2\SCENARIO.xml (The system cannot find the path specified)
	at java.io.FileInputStream.open(Native Method)
	at java.io.FileInputStream.<init>(FileInputStream.java:131)
	at org.app.co.jp.dao.ScenarioDao.getScenarioOperationType(ScenarioDao.java:303)
	at org.app.co.jp.dao.OperationDataDao.search(OperationDataDao.java:41)
	at org.app.co.jp.dao.OperationDao.searchCopyList(OperationDao.java:114)
	at org.app.co.jp.util.Utils.checkOperationId(Utils.java:726)
	at org.app.co.jp.util.Utils.analysisCommand(Utils.java:673)
	at org.app.co.jp.util.Utils.addOuterDealPython(Utils.java:476)
	at org.app.co.jp.util.DomXMLUtils.main(DomXMLUtils.java:54)

[FATAL] 2017-04-06 17:52:02: 11       [main] ( BasicLogger.java,74 ) - 
java.io.FileNotFoundException: .\excelApl\scenarios\STEP_2\SCENARIO.xml (The system cannot find the path specified)
	at java.io.FileInputStream.open(Native Method)
	at java.io.FileInputStream.<init>(FileInputStream.java:131)
	at org.app.co.jp.dao.ScenarioDao.getScenarioOperationType(ScenarioDao.java:303)
	at org.app.co.jp.dao.OperationDataDao.search(OperationDataDao.java:41)
	at org.app.co.jp.dao.OperationDao.searchCopyList(OperationDao.java:114)
	at org.app.co.jp.util.Utils.checkOperationId(Utils.java:726)
	at org.app.co.jp.util.Utils.analysisCommand(Utils.java:673)
	at org.app.co.jp.util.Utils.addOuterDealPython(Utils.java:476)
	at org.app.co.jp.util.DomXMLUtils.main(DomXMLUtils.java:54)

[FATAL] 2017-04-06 17:52:02: 17       [main] ( BasicLogger.java,74 ) - 
java.io.FileNotFoundException: .\excelApl\scenarios\STEP_1\SCENARIO.xml (The system cannot find the path specified)
	at java.io.FileInputStream.open(Native Method)
	at java.io.FileInputStream.<init>(FileInputStream.java:131)
	at org.app.co.jp.dao.ScenarioDao.getScenarioOperationType(ScenarioDao.java:303)
	at org.app.co.jp.dao.OperationDataDao.search(OperationDataDao.java:41)
	at org.app.co.jp.dao.OperationDao.searchCopyList(OperationDao.java:114)
	at org.app.co.jp.util.Utils.checkOperationId(Utils.java:726)
	at org.app.co.jp.util.Utils.analysisCommand(Utils.java:673)
	at org.app.co.jp.util.Utils.addOuterDealPython(Utils.java:476)
	at org.app.co.jp.util.DomXMLUtils.main(DomXMLUtils.java:54)

[FATAL] 2017-04-06 17:52:02: 18       [main] ( BasicLogger.java,74 ) - 
java.io.FileNotFoundException: .\excelApl\scenarios\STEP_1\SCENARIO.xml (The system cannot find the path specified)
	at java.io.FileInputStream.open(Native Method)
	at java.io.FileInputStream.<init>(FileInputStream.java:131)
	at org.app.co.jp.dao.ScenarioDao.getScenarioOperationType(ScenarioDao.java:303)
	at org.app.co.jp.dao.OperationDataDao.search(OperationDataDao.java:41)
	at org.app.co.jp.dao.OperationDao.searchCopyList(OperationDao.java:114)
	at org.app.co.jp.util.Utils.checkOperationId(Utils.java:726)
	at org.app.co.jp.util.Utils.analysisCommand(Utils.java:673)
	at org.app.co.jp.util.Utils.addOuterDealPython(Utils.java:476)
	at org.app.co.jp.util.DomXMLUtils.main(DomXMLUtils.java:54)

[FATAL] 2017-04-06 17:52:02: 22       [main] ( BasicLogger.java,74 ) - 
java.io.FileNotFoundException: .\excelApl\scenarios\STEP_2\SCENARIO.xml (The system cannot find the path specified)
	at java.io.FileInputStream.open(Native Method)
	at java.io.FileInputStream.<init>(FileInputStream.java:131)
	at org.app.co.jp.dao.ScenarioDao.getScenarioOperationType(ScenarioDao.java:303)
	at org.app.co.jp.dao.OperationDataDao.search(OperationDataDao.java:41)
	at org.app.co.jp.dao.OperationDao.searchCopyList(OperationDao.java:114)
	at org.app.co.jp.util.Utils.checkOperationId(Utils.java:726)
	at org.app.co.jp.util.Utils.analysisCommand(Utils.java:673)
	at org.app.co.jp.util.Utils.addOuterDealPython(Utils.java:476)
	at org.app.co.jp.util.DomXMLUtils.main(DomXMLUtils.java:54)

[FATAL] 2017-04-06 17:52:02: 24       [main] ( BasicLogger.java,74 ) - 
java.io.FileNotFoundException: .\excelApl\scenarios\STEP_2\SCENARIO.xml (The system cannot find the path specified)
	at java.io.FileInputStream.open(Native Method)
	at java.io.FileInputStream.<init>(FileInputStream.java:131)
	at org.app.co.jp.dao.ScenarioDao.getScenarioOperationType(ScenarioDao.java:303)
	at org.app.co.jp.dao.OperationDataDao.search(OperationDataDao.java:41)
	at org.app.co.jp.dao.OperationDao.searchCopyList(OperationDao.java:114)
	at org.app.co.jp.util.Utils.checkOperationId(Utils.java:726)
	at org.app.co.jp.util.Utils.analysisCommand(Utils.java:673)
	at org.app.co.jp.util.Utils.addOuterDealPython(Utils.java:476)
	at org.app.co.jp.util.DomXMLUtils.main(DomXMLUtils.java:54)

[FATAL] 2017-04-06 17:52:02: 31       [main] ( BasicLogger.java,74 ) - 
java.io.FileNotFoundException: .\excelApl\scenarios\STEP_1\SCENARIO.xml (The system cannot find the path specified)
	at java.io.FileInputStream.open(Native Method)
	at java.io.FileInputStream.<init>(FileInputStream.java:131)
	at org.app.co.jp.dao.ScenarioDao.getScenarioOperationType(ScenarioDao.java:303)
	at org.app.co.jp.dao.OperationDataDao.search(OperationDataDao.java:41)
	at org.app.co.jp.dao.OperationDao.searchCopyList(OperationDao.java:114)
	at org.app.co.jp.util.Utils.checkOperationId(Utils.java:726)
	at org.app.co.jp.util.Utils.analysisCommand(Utils.java:673)
	at org.app.co.jp.util.Utils.addOuterDealPython(Utils.java:476)
	at org.app.co.jp.util.DomXMLUtils.main(DomXMLUtils.java:54)

[FATAL] 2017-04-06 17:52:02: 33       [main] ( BasicLogger.java,74 ) - 
java.io.FileNotFoundException: .\excelApl\scenarios\STEP_1\SCENARIO.xml (The system cannot find the path specified)
	at java.io.FileInputStream.open(Native Method)
	at java.io.FileInputStream.<init>(FileInputStream.java:131)
	at org.app.co.jp.dao.ScenarioDao.getScenarioOperationType(ScenarioDao.java:303)
	at org.app.co.jp.dao.OperationDataDao.search(OperationDataDao.java:41)
	at org.app.co.jp.dao.OperationDao.searchCopyList(OperationDao.java:114)
	at org.app.co.jp.util.Utils.checkOperationId(Utils.java:726)
	at org.app.co.jp.util.Utils.analysisCommand(Utils.java:673)
	at org.app.co.jp.util.Utils.addOuterDealPython(Utils.java:476)
	at org.app.co.jp.util.DomXMLUtils.main(DomXMLUtils.java:54)

[FATAL] 2017-04-06 17:52:02: 34       [main] ( BasicLogger.java,74 ) - 
java.io.FileNotFoundException: .\excelApl\scenarios\STEP_2\SCENARIO.xml (The system cannot find the path specified)
	at java.io.FileInputStream.open(Native Method)
	at java.io.FileInputStream.<init>(FileInputStream.java:131)
	at org.app.co.jp.dao.ScenarioDao.getScenarioOperationType(ScenarioDao.java:303)
	at org.app.co.jp.dao.OperationDataDao.search(OperationDataDao.java:41)
	at org.app.co.jp.dao.OperationDao.searchCopyList(OperationDao.java:114)
	at org.app.co.jp.util.Utils.checkOperationId(Utils.java:726)
	at org.app.co.jp.util.Utils.analysisCommand(Utils.java:673)
	at org.app.co.jp.util.Utils.addOuterDealPython(Utils.java:476)
	at org.app.co.jp.util.DomXMLUtils.main(DomXMLUtils.java:54)

[FATAL] 2017-04-06 17:52:02: 35       [main] ( BasicLogger.java,74 ) - 
java.io.FileNotFoundException: .\excelApl\scenarios\STEP_2\SCENARIO.xml (The system cannot find the path specified)
	at java.io.FileInputStream.open(Native Method)
	at java.io.FileInputStream.<init>(FileInputStream.java:131)
	at org.app.co.jp.dao.ScenarioDao.getScenarioOperationType(ScenarioDao.java:303)
	at org.app.co.jp.dao.OperationDataDao.search(OperationDataDao.java:41)
	at org.app.co.jp.dao.OperationDao.searchCopyList(OperationDao.java:114)
	at org.app.co.jp.util.Utils.checkOperationId(Utils.java:726)
	at org.app.co.jp.util.Utils.analysisCommand(Utils.java:673)
	at org.app.co.jp.util.Utils.addOuterDealPython(Utils.java:476)
	at org.app.co.jp.util.DomXMLUtils.main(DomXMLUtils.java:54)

[FATAL] 2017-04-06 17:52:02: 43       [main] ( BasicLogger.java,74 ) - 
java.io.FileNotFoundException: .\excelApl\scenarios\STEP_1\SCENARIO.xml (The system cannot find the path specified)
	at java.io.FileInputStream.open(Native Method)
	at java.io.FileInputStream.<init>(FileInputStream.java:131)
	at org.app.co.jp.dao.ScenarioDao.getScenarioOperationType(ScenarioDao.java:303)
	at org.app.co.jp.dao.OperationDataDao.search(OperationDataDao.java:41)
	at org.app.co.jp.dao.OperationDao.searchCopyList(OperationDao.java:114)
	at org.app.co.jp.util.Utils.checkOperationId(Utils.java:726)
	at org.app.co.jp.util.Utils.analysisCommand(Utils.java:673)
	at org.app.co.jp.util.Utils.addOuterDealPython(Utils.java:476)
	at org.app.co.jp.util.DomXMLUtils.main(DomXMLUtils.java:54)

[FATAL] 2017-04-06 17:52:02: 44       [main] ( BasicLogger.java,74 ) - 
java.io.FileNotFoundException: .\excelApl\scenarios\STEP_1\SCENARIO.xml (The system cannot find the path specified)
	at java.io.FileInputStream.open(Native Method)
	at java.io.FileInputStream.<init>(FileInputStream.java:131)
	at org.app.co.jp.dao.ScenarioDao.getScenarioOperationType(ScenarioDao.java:303)
	at org.app.co.jp.dao.OperationDataDao.search(OperationDataDao.java:41)
	at org.app.co.jp.dao.OperationDao.searchCopyList(OperationDao.java:114)
	at org.app.co.jp.util.Utils.checkOperationId(Utils.java:726)
	at org.app.co.jp.util.Utils.analysisCommand(Utils.java:673)
	at org.app.co.jp.util.Utils.addOuterDealPython(Utils.java:476)
	at org.app.co.jp.util.DomXMLUtils.main(DomXMLUtils.java:54)

[FATAL] 2017-04-06 17:52:02: 46       [main] ( BasicLogger.java,74 ) - 
java.io.FileNotFoundException: .\excelApl\scenarios\STEP_2\SCENARIO.xml (The system cannot find the path specified)
	at java.io.FileInputStream.open(Native Method)
	at java.io.FileInputStream.<init>(FileInputStream.java:131)
	at org.app.co.jp.dao.ScenarioDao.getScenarioOperationType(ScenarioDao.java:303)
	at org.app.co.jp.dao.OperationDataDao.search(OperationDataDao.java:41)
	at org.app.co.jp.dao.OperationDao.searchCopyList(OperationDao.java:114)
	at org.app.co.jp.util.Utils.checkOperationId(Utils.java:726)
	at org.app.co.jp.util.Utils.analysisCommand(Utils.java:673)
	at org.app.co.jp.util.Utils.addOuterDealPython(Utils.java:476)
	at org.app.co.jp.util.DomXMLUtils.main(DomXMLUtils.java:54)

[FATAL] 2017-04-06 17:52:02: 48       [main] ( BasicLogger.java,74 ) - 
java.io.FileNotFoundException: .\excelApl\scenarios\STEP_2\SCENARIO.xml (The system cannot find the path specified)
	at java.io.FileInputStream.open(Native Method)
	at java.io.FileInputStream.<init>(FileInputStream.java:131)
	at org.app.co.jp.dao.ScenarioDao.getScenarioOperationType(ScenarioDao.java:303)
	at org.app.co.jp.dao.OperationDataDao.search(OperationDataDao.java:41)
	at org.app.co.jp.dao.OperationDao.searchCopyList(OperationDao.java:114)
	at org.app.co.jp.util.Utils.checkOperationId(Utils.java:726)
	at org.app.co.jp.util.Utils.analysisCommand(Utils.java:673)
	at org.app.co.jp.util.Utils.addOuterDealPython(Utils.java:476)
	at org.app.co.jp.util.DomXMLUtils.main(DomXMLUtils.java:54)

[FATAL] 2017-04-06 17:52:10: 7539     [main] ( BasicLogger.java,74 ) - 
java.lang.NullPointerException
	at org.app.co.jp.dao.ScenarioDao.getScenarioOperationType(ScenarioDao.java:306)
	at org.app.co.jp.dao.OperationDataDao.getColumns(OperationDataDao.java:96)
	at org.app.co.jp.util.Utils.checkOperationId(Utils.java:748)
	at org.app.co.jp.util.Utils.analysisCommand(Utils.java:673)
	at org.app.co.jp.util.Utils.addOuterDealPython(Utils.java:476)
	at org.app.co.jp.util.DomXMLUtils.main(DomXMLUtils.java:54)

[FATAL] 2017-04-06 17:52:10: 7540     [main] ( BasicLogger.java,74 ) - 
java.lang.NullPointerException
	at org.app.co.jp.dao.ScenarioDao.getScenarioOperationType(ScenarioDao.java:306)
	at org.app.co.jp.dao.OperationDataDao.getColumns(OperationDataDao.java:96)
	at org.app.co.jp.util.Utils.checkOperationId(Utils.java:748)
	at org.app.co.jp.util.Utils.analysisCommand(Utils.java:673)
	at org.app.co.jp.util.Utils.addOuterDealPython(Utils.java:476)
	at org.app.co.jp.util.DomXMLUtils.main(DomXMLUtils.java:54)

[FATAL] 2017-04-06 17:52:10: 7560     [main] ( BasicLogger.java,74 ) - 
java.io.FileNotFoundException: .\excelApl\scenarios\STEP_1\SCENARIO.xml (The system cannot find the path specified)
	at java.io.FileInputStream.open(Native Method)
	at java.io.FileInputStream.<init>(FileInputStream.java:131)
	at org.app.co.jp.dao.ScenarioDao.getScenarioOperationType(ScenarioDao.java:303)
	at org.app.co.jp.dao.OperationDataDao.search(OperationDataDao.java:41)
	at org.app.co.jp.util.AutoOperationDataUtil.createDataByOperationId(AutoOperationDataUtil.java:62)
	at org.app.co.jp.util.AutoOperationDataUtil.createOperationData(AutoOperationDataUtil.java:36)
	at org.app.co.jp.util.Utils.analysisCommand(Utils.java:681)
	at org.app.co.jp.util.Utils.addOuterDealPython(Utils.java:476)
	at org.app.co.jp.util.DomXMLUtils.main(DomXMLUtils.java:54)

[FATAL] 2017-04-06 17:52:10: 7561     [main] ( BasicLogger.java,74 ) - 
java.io.FileNotFoundException: .\excelApl\scenarios\STEP_1\SCENARIO.xml (The system cannot find the path specified)
	at java.io.FileInputStream.open(Native Method)
	at java.io.FileInputStream.<init>(FileInputStream.java:131)
	at org.app.co.jp.dao.ScenarioDao.getScenarioOperationType(ScenarioDao.java:303)
	at org.app.co.jp.dao.OperationDataDao.search(OperationDataDao.java:41)
	at org.app.co.jp.util.AutoOperationDataUtil.createDataByOperationId(AutoOperationDataUtil.java:62)
	at org.app.co.jp.util.AutoOperationDataUtil.createOperationData(AutoOperationDataUtil.java:36)
	at org.app.co.jp.util.Utils.analysisCommand(Utils.java:681)
	at org.app.co.jp.util.Utils.addOuterDealPython(Utils.java:476)
	at org.app.co.jp.util.DomXMLUtils.main(DomXMLUtils.java:54)

[FATAL] 2017-04-06 17:52:10: 7563     [main] ( BasicLogger.java,74 ) - 
java.io.FileNotFoundException: .\excelApl\scenarios\STEP_2\SCENARIO.xml (The system cannot find the path specified)
	at java.io.FileInputStream.open(Native Method)
	at java.io.FileInputStream.<init>(FileInputStream.java:131)
	at org.app.co.jp.dao.ScenarioDao.getScenarioOperationType(ScenarioDao.java:303)
	at org.app.co.jp.dao.OperationDataDao.search(OperationDataDao.java:41)
	at org.app.co.jp.util.AutoOperationDataUtil.createDataByOperationId(AutoOperationDataUtil.java:62)
	at org.app.co.jp.util.AutoOperationDataUtil.createOperationData(AutoOperationDataUtil.java:36)
	at org.app.co.jp.util.Utils.analysisCommand(Utils.java:681)
	at org.app.co.jp.util.Utils.addOuterDealPython(Utils.java:476)
	at org.app.co.jp.util.DomXMLUtils.main(DomXMLUtils.java:54)

[FATAL] 2017-04-06 17:52:10: 7564     [main] ( BasicLogger.java,74 ) - 
java.io.FileNotFoundException: .\excelApl\scenarios\STEP_2\SCENARIO.xml (The system cannot find the path specified)
	at java.io.FileInputStream.open(Native Method)
	at java.io.FileInputStream.<init>(FileInputStream.java:131)
	at org.app.co.jp.dao.ScenarioDao.getScenarioOperationType(ScenarioDao.java:303)
	at org.app.co.jp.dao.OperationDataDao.search(OperationDataDao.java:41)
	at org.app.co.jp.util.AutoOperationDataUtil.createDataByOperationId(AutoOperationDataUtil.java:62)
	at org.app.co.jp.util.AutoOperationDataUtil.createOperationData(AutoOperationDataUtil.java:36)
	at org.app.co.jp.util.Utils.analysisCommand(Utils.java:681)
	at org.app.co.jp.util.Utils.addOuterDealPython(Utils.java:476)
	at org.app.co.jp.util.DomXMLUtils.main(DomXMLUtils.java:54)

[FATAL] 2017-04-06 17:52:10: 7569     [main] ( BasicLogger.java,74 ) - 
java.io.FileNotFoundException: .\excelApl\scenarios\STEP_1\SCENARIO.xml (The system cannot find the path specified)
	at java.io.FileInputStream.open(Native Method)
	at java.io.FileInputStream.<init>(FileInputStream.java:131)
	at org.app.co.jp.dao.ScenarioDao.getScenarioOperationType(ScenarioDao.java:303)
	at org.app.co.jp.dao.OperationDataDao.search(OperationDataDao.java:41)
	at org.app.co.jp.util.AutoOperationDataUtil.createDataByOperationId(AutoOperationDataUtil.java:62)
	at org.app.co.jp.util.AutoOperationDataUtil.createOperationData(AutoOperationDataUtil.java:36)
	at org.app.co.jp.util.Utils.analysisCommand(Utils.java:681)
	at org.app.co.jp.util.Utils.addOuterDealPython(Utils.java:476)
	at org.app.co.jp.util.DomXMLUtils.main(DomXMLUtils.java:54)

[FATAL] 2017-04-06 17:52:10: 7569     [main] ( BasicLogger.java,74 ) - 
java.io.FileNotFoundException: .\excelApl\scenarios\STEP_1\SCENARIO.xml (The system cannot find the path specified)
	at java.io.FileInputStream.open(Native Method)
	at java.io.FileInputStream.<init>(FileInputStream.java:131)
	at org.app.co.jp.dao.ScenarioDao.getScenarioOperationType(ScenarioDao.java:303)
	at org.app.co.jp.dao.OperationDataDao.search(OperationDataDao.java:41)
	at org.app.co.jp.util.AutoOperationDataUtil.createDataByOperationId(AutoOperationDataUtil.java:62)
	at org.app.co.jp.util.AutoOperationDataUtil.createOperationData(AutoOperationDataUtil.java:36)
	at org.app.co.jp.util.Utils.analysisCommand(Utils.java:681)
	at org.app.co.jp.util.Utils.addOuterDealPython(Utils.java:476)
	at org.app.co.jp.util.DomXMLUtils.main(DomXMLUtils.java:54)

[FATAL] 2017-04-06 17:52:10: 7570     [main] ( BasicLogger.java,74 ) - 
java.io.FileNotFoundException: .\excelApl\scenarios\STEP_2\SCENARIO.xml (The system cannot find the path specified)
	at java.io.FileInputStream.open(Native Method)
	at java.io.FileInputStream.<init>(FileInputStream.java:131)
	at org.app.co.jp.dao.ScenarioDao.getScenarioOperationType(ScenarioDao.java:303)
	at org.app.co.jp.dao.OperationDataDao.search(OperationDataDao.java:41)
	at org.app.co.jp.util.AutoOperationDataUtil.createDataByOperationId(AutoOperationDataUtil.java:62)
	at org.app.co.jp.util.AutoOperationDataUtil.createOperationData(AutoOperationDataUtil.java:36)
	at org.app.co.jp.util.Utils.analysisCommand(Utils.java:681)
	at org.app.co.jp.util.Utils.addOuterDealPython(Utils.java:476)
	at org.app.co.jp.util.DomXMLUtils.main(DomXMLUtils.java:54)

[FATAL] 2017-04-06 17:52:10: 7571     [main] ( BasicLogger.java,74 ) - 
java.io.FileNotFoundException: .\excelApl\scenarios\STEP_2\SCENARIO.xml (The system cannot find the path specified)
	at java.io.FileInputStream.open(Native Method)
	at java.io.FileInputStream.<init>(FileInputStream.java:131)
	at org.app.co.jp.dao.ScenarioDao.getScenarioOperationType(ScenarioDao.java:303)
	at org.app.co.jp.dao.OperationDataDao.search(OperationDataDao.java:41)
	at org.app.co.jp.util.AutoOperationDataUtil.createDataByOperationId(AutoOperationDataUtil.java:62)
	at org.app.co.jp.util.AutoOperationDataUtil.createOperationData(AutoOperationDataUtil.java:36)
	at org.app.co.jp.util.Utils.analysisCommand(Utils.java:681)
	at org.app.co.jp.util.Utils.addOuterDealPython(Utils.java:476)
	at org.app.co.jp.util.DomXMLUtils.main(DomXMLUtils.java:54)

[FATAL] 2017-04-06 17:52:10: 7576     [main] ( BasicLogger.java,74 ) - 
java.io.FileNotFoundException: .\excelApl\scenarios\STEP_1\SCENARIO.xml (The system cannot find the path specified)
	at java.io.FileInputStream.open(Native Method)
	at java.io.FileInputStream.<init>(FileInputStream.java:131)
	at org.app.co.jp.dao.ScenarioDao.getScenarioOperationType(ScenarioDao.java:303)
	at org.app.co.jp.dao.OperationDataDao.search(OperationDataDao.java:41)
	at org.app.co.jp.util.AutoOperationDataUtil.createDataByOperationId(AutoOperationDataUtil.java:62)
	at org.app.co.jp.util.AutoOperationDataUtil.createOperationData(AutoOperationDataUtil.java:36)
	at org.app.co.jp.util.Utils.analysisCommand(Utils.java:681)
	at org.app.co.jp.util.Utils.addOuterDealPython(Utils.java:476)
	at org.app.co.jp.util.DomXMLUtils.main(DomXMLUtils.java:54)

[FATAL] 2017-04-06 17:52:10: 7576     [main] ( BasicLogger.java,74 ) - 
java.io.FileNotFoundException: .\excelApl\scenarios\STEP_1\SCENARIO.xml (The system cannot find the path specified)
	at java.io.FileInputStream.open(Native Method)
	at java.io.FileInputStream.<init>(FileInputStream.java:131)
	at org.app.co.jp.dao.ScenarioDao.getScenarioOperationType(ScenarioDao.java:303)
	at org.app.co.jp.dao.OperationDataDao.search(OperationDataDao.java:41)
	at org.app.co.jp.util.AutoOperationDataUtil.createDataByOperationId(AutoOperationDataUtil.java:62)
	at org.app.co.jp.util.AutoOperationDataUtil.createOperationData(AutoOperationDataUtil.java:36)
	at org.app.co.jp.util.Utils.analysisCommand(Utils.java:681)
	at org.app.co.jp.util.Utils.addOuterDealPython(Utils.java:476)
	at org.app.co.jp.util.DomXMLUtils.main(DomXMLUtils.java:54)

[FATAL] 2017-04-06 17:52:10: 7577     [main] ( BasicLogger.java,74 ) - 
java.io.FileNotFoundException: .\excelApl\scenarios\STEP_2\SCENARIO.xml (The system cannot find the path specified)
	at java.io.FileInputStream.open(Native Method)
	at java.io.FileInputStream.<init>(FileInputStream.java:131)
	at org.app.co.jp.dao.ScenarioDao.getScenarioOperationType(ScenarioDao.java:303)
	at org.app.co.jp.dao.OperationDataDao.search(OperationDataDao.java:41)
	at org.app.co.jp.util.AutoOperationDataUtil.createDataByOperationId(AutoOperationDataUtil.java:62)
	at org.app.co.jp.util.AutoOperationDataUtil.createOperationData(AutoOperationDataUtil.java:36)
	at org.app.co.jp.util.Utils.analysisCommand(Utils.java:681)
	at org.app.co.jp.util.Utils.addOuterDealPython(Utils.java:476)
	at org.app.co.jp.util.DomXMLUtils.main(DomXMLUtils.java:54)

[FATAL] 2017-04-06 17:52:10: 7578     [main] ( BasicLogger.java,74 ) - 
java.io.FileNotFoundException: .\excelApl\scenarios\STEP_2\SCENARIO.xml (The system cannot find the path specified)
	at java.io.FileInputStream.open(Native Method)
	at java.io.FileInputStream.<init>(FileInputStream.java:131)
	at org.app.co.jp.dao.ScenarioDao.getScenarioOperationType(ScenarioDao.java:303)
	at org.app.co.jp.dao.OperationDataDao.search(OperationDataDao.java:41)
	at org.app.co.jp.util.AutoOperationDataUtil.createDataByOperationId(AutoOperationDataUtil.java:62)
	at org.app.co.jp.util.AutoOperationDataUtil.createOperationData(AutoOperationDataUtil.java:36)
	at org.app.co.jp.util.Utils.analysisCommand(Utils.java:681)
	at org.app.co.jp.util.Utils.addOuterDealPython(Utils.java:476)
	at org.app.co.jp.util.DomXMLUtils.main(DomXMLUtils.java:54)

[FATAL] 2017-04-06 17:52:10: 7582     [main] ( BasicLogger.java,74 ) - 
java.io.FileNotFoundException: .\excelApl\scenarios\STEP_1\SCENARIO.xml (The system cannot find the path specified)
	at java.io.FileInputStream.open(Native Method)
	at java.io.FileInputStream.<init>(FileInputStream.java:131)
	at org.app.co.jp.dao.ScenarioDao.getScenarioOperationType(ScenarioDao.java:303)
	at org.app.co.jp.dao.OperationDataDao.search(OperationDataDao.java:41)
	at org.app.co.jp.util.AutoOperationDataUtil.createDataByOperationId(AutoOperationDataUtil.java:62)
	at org.app.co.jp.util.AutoOperationDataUtil.createOperationData(AutoOperationDataUtil.java:36)
	at org.app.co.jp.util.Utils.analysisCommand(Utils.java:681)
	at org.app.co.jp.util.Utils.addOuterDealPython(Utils.java:476)
	at org.app.co.jp.util.DomXMLUtils.main(DomXMLUtils.java:54)

[FATAL] 2017-04-06 17:52:10: 7582     [main] ( BasicLogger.java,74 ) - 
java.io.FileNotFoundException: .\excelApl\scenarios\STEP_1\SCENARIO.xml (The system cannot find the path specified)
	at java.io.FileInputStream.open(Native Method)
	at java.io.FileInputStream.<init>(FileInputStream.java:131)
	at org.app.co.jp.dao.ScenarioDao.getScenarioOperationType(ScenarioDao.java:303)
	at org.app.co.jp.dao.OperationDataDao.search(OperationDataDao.java:41)
	at org.app.co.jp.util.AutoOperationDataUtil.createDataByOperationId(AutoOperationDataUtil.java:62)
	at org.app.co.jp.util.AutoOperationDataUtil.createOperationData(AutoOperationDataUtil.java:36)
	at org.app.co.jp.util.Utils.analysisCommand(Utils.java:681)
	at org.app.co.jp.util.Utils.addOuterDealPython(Utils.java:476)
	at org.app.co.jp.util.DomXMLUtils.main(DomXMLUtils.java:54)

[FATAL] 2017-04-06 17:52:10: 7583     [main] ( BasicLogger.java,74 ) - 
java.io.FileNotFoundException: .\excelApl\scenarios\STEP_2\SCENARIO.xml (The system cannot find the path specified)
	at java.io.FileInputStream.open(Native Method)
	at java.io.FileInputStream.<init>(FileInputStream.java:131)
	at org.app.co.jp.dao.ScenarioDao.getScenarioOperationType(ScenarioDao.java:303)
	at org.app.co.jp.dao.OperationDataDao.search(OperationDataDao.java:41)
	at org.app.co.jp.util.AutoOperationDataUtil.createDataByOperationId(AutoOperationDataUtil.java:62)
	at org.app.co.jp.util.AutoOperationDataUtil.createOperationData(AutoOperationDataUtil.java:36)
	at org.app.co.jp.util.Utils.analysisCommand(Utils.java:681)
	at org.app.co.jp.util.Utils.addOuterDealPython(Utils.java:476)
	at org.app.co.jp.util.DomXMLUtils.main(DomXMLUtils.java:54)

[FATAL] 2017-04-06 17:52:10: 7584     [main] ( BasicLogger.java,74 ) - 
java.io.FileNotFoundException: .\excelApl\scenarios\STEP_2\SCENARIO.xml (The system cannot find the path specified)
	at java.io.FileInputStream.open(Native Method)
	at java.io.FileInputStream.<init>(FileInputStream.java:131)
	at org.app.co.jp.dao.ScenarioDao.getScenarioOperationType(ScenarioDao.java:303)
	at org.app.co.jp.dao.OperationDataDao.search(OperationDataDao.java:41)
	at org.app.co.jp.util.AutoOperationDataUtil.createDataByOperationId(AutoOperationDataUtil.java:62)
	at org.app.co.jp.util.AutoOperationDataUtil.createOperationData(AutoOperationDataUtil.java:36)
	at org.app.co.jp.util.Utils.analysisCommand(Utils.java:681)
	at org.app.co.jp.util.Utils.addOuterDealPython(Utils.java:476)
	at org.app.co.jp.util.DomXMLUtils.main(DomXMLUtils.java:54)

[FATAL] 2017-04-06 17:52:10: 7889     [main] ( BasicLogger.java,74 ) - 
java.lang.NullPointerException
	at org.app.co.jp.util.AutoOperationDataUtil.getCell(AutoOperationDataUtil.java:398)
	at org.app.co.jp.util.AutoOperationDataUtil.createExcelFile(AutoOperationDataUtil.java:319)
	at org.app.co.jp.util.AutoOperationDataUtil.createOperationData(AutoOperationDataUtil.java:38)
	at org.app.co.jp.util.Utils.analysisCommand(Utils.java:681)
	at org.app.co.jp.util.Utils.addOuterDealPython(Utils.java:476)
	at org.app.co.jp.util.DomXMLUtils.main(DomXMLUtils.java:54)

[FATAL] 2017-04-06 17:53:08: 0        [main] ( BasicLogger.java,74 ) - 
java.io.FileNotFoundException: .\excelApl\scenarios\STEP_1\SCENARIO.xml (The system cannot find the path specified)
	at java.io.FileInputStream.open(Native Method)
	at java.io.FileInputStream.<init>(FileInputStream.java:131)
	at org.app.co.jp.dao.ScenarioDao.getScenarioOperationType(ScenarioDao.java:303)
	at org.app.co.jp.dao.OperationDataDao.search(OperationDataDao.java:41)
	at org.app.co.jp.dao.OperationDao.searchCopyList(OperationDao.java:114)
	at org.app.co.jp.util.Utils.checkOperationId(Utils.java:726)
	at org.app.co.jp.util.Utils.analysisCommand(Utils.java:673)
	at org.app.co.jp.util.Utils.addOuterDealPython(Utils.java:476)
	at org.app.co.jp.util.DomXMLUtils.main(DomXMLUtils.java:54)

[FATAL] 2017-04-06 17:54:15: 0        [AWT-EventQueue-0] ( BasicLogger.java,74 ) - 
java.lang.NullPointerException
	at org.app.co.jp.dao.ScenarioDao.getScenarioOperationType(ScenarioDao.java:306)
	at org.app.co.jp.dao.OperationDataDao.getColumns(OperationDataDao.java:96)
	at org.app.co.jp.ap.OperationScenarioDataDialog.setColumnCobValue(OperationScenarioDataDialog.java:513)
	at org.app.co.jp.ap.OperationScenarioDataDialog.setDisplayData(OperationScenarioDataDialog.java:273)
	at org.app.co.jp.ap.OperationScenarioDataDialog.initialize(OperationScenarioDataDialog.java:106)
	at org.app.co.jp.ap.OperationScenarioDataDialog.<init>(OperationScenarioDataDialog.java:90)
	at org.app.co.jp.ap.OperationDialog$4.actionPerformed(OperationDialog.java:419)
	at javax.swing.AbstractButton.fireActionPerformed(AbstractButton.java:2022)
	at javax.swing.AbstractButton$Handler.actionPerformed(AbstractButton.java:2346)
	at javax.swing.DefaultButtonModel.fireActionPerformed(DefaultButtonModel.java:402)
	at javax.swing.DefaultButtonModel.setPressed(DefaultButtonModel.java:259)
	at javax.swing.plaf.basic.BasicButtonListener.mouseReleased(BasicButtonListener.java:252)
	at java.awt.Component.processMouseEvent(Component.java:6527)
	at javax.swing.JComponent.processMouseEvent(JComponent.java:3321)
	at java.awt.Component.processEvent(Component.java:6292)
	at java.awt.Container.processEvent(Container.java:2234)
	at java.awt.Component.dispatchEventImpl(Component.java:4883)
	at java.awt.Container.dispatchEventImpl(Container.java:2292)
	at java.awt.Component.dispatchEvent(Component.java:4705)
	at java.awt.LightweightDispatcher.retargetMouseEvent(Container.java:4898)
	at java.awt.LightweightDispatcher.processMouseEvent(Container.java:4533)
	at java.awt.LightweightDispatcher.dispatchEvent(Container.java:4462)
	at java.awt.Container.dispatchEventImpl(Container.java:2278)
	at java.awt.Window.dispatchEventImpl(Window.java:2739)
	at java.awt.Component.dispatchEvent(Component.java:4705)
	at java.awt.EventQueue.dispatchEventImpl(EventQueue.java:746)
	at java.awt.EventQueue.access$400(EventQueue.java:97)
	at java.awt.EventQueue$3.run(EventQueue.java:697)
	at java.awt.EventQueue$3.run(EventQueue.java:691)
	at java.security.AccessController.doPrivileged(Native Method)
	at java.security.ProtectionDomain$1.doIntersectionPrivilege(ProtectionDomain.java:75)
	at java.security.ProtectionDomain$1.doIntersectionPrivilege(ProtectionDomain.java:86)
	at java.awt.EventQueue$4.run(EventQueue.java:719)
	at java.awt.EventQueue$4.run(EventQueue.java:717)
	at java.security.AccessController.doPrivileged(Native Method)
	at java.security.ProtectionDomain$1.doIntersectionPrivilege(ProtectionDomain.java:75)
	at java.awt.EventQueue.dispatchEvent(EventQueue.java:716)
	at java.awt.EventDispatchThread.pumpOneEventForFilters(EventDispatchThread.java:201)
	at java.awt.EventDispatchThread.pumpEventsForFilter(EventDispatchThread.java:116)
	at java.awt.EventDispatchThread.pumpEventsForHierarchy(EventDispatchThread.java:105)
	at java.awt.EventDispatchThread.pumpEvents(EventDispatchThread.java:101)
	at java.awt.EventDispatchThread.pumpEvents(EventDispatchThread.java:93)
	at java.awt.EventDispatchThread.run(EventDispatchThread.java:82)

[FATAL] 2017-04-06 17:54:18: 3010     [AWT-EventQueue-0] ( BasicLogger.java,74 ) - 
java.lang.NullPointerException
	at org.app.co.jp.dao.ScenarioDao.getScenarioOperationType(ScenarioDao.java:306)
	at org.app.co.jp.dao.OperationDataDao.getColumns(OperationDataDao.java:96)
	at org.app.co.jp.ap.OperationScenarioDataDialog.setColumnCobValue(OperationScenarioDataDialog.java:513)
	at org.app.co.jp.ap.OperationScenarioDataDialog.setDisplayData(OperationScenarioDataDialog.java:273)
	at org.app.co.jp.ap.OperationScenarioDataDialog.initialize(OperationScenarioDataDialog.java:106)
	at org.app.co.jp.ap.OperationScenarioDataDialog.<init>(OperationScenarioDataDialog.java:90)
	at org.app.co.jp.ap.OperationDialog$4.actionPerformed(OperationDialog.java:419)
	at javax.swing.AbstractButton.fireActionPerformed(AbstractButton.java:2022)
	at javax.swing.AbstractButton$Handler.actionPerformed(AbstractButton.java:2346)
	at javax.swing.DefaultButtonModel.fireActionPerformed(DefaultButtonModel.java:402)
	at javax.swing.DefaultButtonModel.setPressed(DefaultButtonModel.java:259)
	at javax.swing.plaf.basic.BasicButtonListener.mouseReleased(BasicButtonListener.java:252)
	at java.awt.Component.processMouseEvent(Component.java:6527)
	at javax.swing.JComponent.processMouseEvent(JComponent.java:3321)
	at java.awt.Component.processEvent(Component.java:6292)
	at java.awt.Container.processEvent(Container.java:2234)
	at java.awt.Component.dispatchEventImpl(Component.java:4883)
	at java.awt.Container.dispatchEventImpl(Container.java:2292)
	at java.awt.Component.dispatchEvent(Component.java:4705)
	at java.awt.LightweightDispatcher.retargetMouseEvent(Container.java:4898)
	at java.awt.LightweightDispatcher.processMouseEvent(Container.java:4533)
	at java.awt.LightweightDispatcher.dispatchEvent(Container.java:4462)
	at java.awt.Container.dispatchEventImpl(Container.java:2278)
	at java.awt.Window.dispatchEventImpl(Window.java:2739)
	at java.awt.Component.dispatchEvent(Component.java:4705)
	at java.awt.EventQueue.dispatchEventImpl(EventQueue.java:746)
	at java.awt.EventQueue.access$400(EventQueue.java:97)
	at java.awt.EventQueue$3.run(EventQueue.java:697)
	at java.awt.EventQueue$3.run(EventQueue.java:691)
	at java.security.AccessController.doPrivileged(Native Method)
	at java.security.ProtectionDomain$1.doIntersectionPrivilege(ProtectionDomain.java:75)
	at java.security.ProtectionDomain$1.doIntersectionPrivilege(ProtectionDomain.java:86)
	at java.awt.EventQueue$4.run(EventQueue.java:719)
	at java.awt.EventQueue$4.run(EventQueue.java:717)
	at java.security.AccessController.doPrivileged(Native Method)
	at java.security.ProtectionDomain$1.doIntersectionPrivilege(ProtectionDomain.java:75)
	at java.awt.EventQueue.dispatchEvent(EventQueue.java:716)
	at java.awt.EventDispatchThread.pumpOneEventForFilters(EventDispatchThread.java:201)
	at java.awt.EventDispatchThread.pumpEventsForFilter(EventDispatchThread.java:116)
	at java.awt.EventDispatchThread.pumpEventsForHierarchy(EventDispatchThread.java:105)
	at java.awt.EventDispatchThread.pumpEvents(EventDispatchThread.java:101)
	at java.awt.EventDispatchThread.pumpEvents(EventDispatchThread.java:93)
	at java.awt.EventDispatchThread.run(EventDispatchThread.java:82)

[FATAL] 2017-04-06 17:54:21: 6034     [AWT-EventQueue-0] ( BasicLogger.java,74 ) - 
java.io.FileNotFoundException: .\excelApl\scenarios\STEP_1\SCENARIO.xml (The system cannot find the path specified)
	at java.io.FileInputStream.open(Native Method)
	at java.io.FileInputStream.<init>(FileInputStream.java:131)
	at org.app.co.jp.dao.ScenarioDao.getScenarioOperationType(ScenarioDao.java:303)
	at org.app.co.jp.dao.OperationDataDao.search(OperationDataDao.java:41)
	at org.app.co.jp.ap.OperationDialog$4.actionPerformed(OperationDialog.java:423)
	at javax.swing.AbstractButton.fireActionPerformed(AbstractButton.java:2022)
	at javax.swing.AbstractButton$Handler.actionPerformed(AbstractButton.java:2346)
	at javax.swing.DefaultButtonModel.fireActionPerformed(DefaultButtonModel.java:402)
	at javax.swing.DefaultButtonModel.setPressed(DefaultButtonModel.java:259)
	at javax.swing.plaf.basic.BasicButtonListener.mouseReleased(BasicButtonListener.java:252)
	at java.awt.Component.processMouseEvent(Component.java:6527)
	at javax.swing.JComponent.processMouseEvent(JComponent.java:3321)
	at java.awt.Component.processEvent(Component.java:6292)
	at java.awt.Container.processEvent(Container.java:2234)
	at java.awt.Component.dispatchEventImpl(Component.java:4883)
	at java.awt.Container.dispatchEventImpl(Container.java:2292)
	at java.awt.Component.dispatchEvent(Component.java:4705)
	at java.awt.LightweightDispatcher.retargetMouseEvent(Container.java:4898)
	at java.awt.LightweightDispatcher.processMouseEvent(Container.java:4533)
	at java.awt.LightweightDispatcher.dispatchEvent(Container.java:4462)
	at java.awt.Container.dispatchEventImpl(Container.java:2278)
	at java.awt.Window.dispatchEventImpl(Window.java:2739)
	at java.awt.Component.dispatchEvent(Component.java:4705)
	at java.awt.EventQueue.dispatchEventImpl(EventQueue.java:746)
	at java.awt.EventQueue.access$400(EventQueue.java:97)
	at java.awt.EventQueue$3.run(EventQueue.java:697)
	at java.awt.EventQueue$3.run(EventQueue.java:691)
	at java.security.AccessController.doPrivileged(Native Method)
	at java.security.ProtectionDomain$1.doIntersectionPrivilege(ProtectionDomain.java:75)
	at java.security.ProtectionDomain$1.doIntersectionPrivilege(ProtectionDomain.java:86)
	at java.awt.EventQueue$4.run(EventQueue.java:719)
	at java.awt.EventQueue$4.run(EventQueue.java:717)
	at java.security.AccessController.doPrivileged(Native Method)
	at java.security.ProtectionDomain$1.doIntersectionPrivilege(ProtectionDomain.java:75)
	at java.awt.EventQueue.dispatchEvent(EventQueue.java:716)
	at java.awt.EventDispatchThread.pumpOneEventForFilters(EventDispatchThread.java:201)
	at java.awt.EventDispatchThread.pumpEventsForFilter(EventDispatchThread.java:116)
	at java.awt.EventDispatchThread.pumpEventsForHierarchy(EventDispatchThread.java:105)
	at java.awt.EventDispatchThread.pumpEvents(EventDispatchThread.java:101)
	at java.awt.EventDispatchThread.pumpEvents(EventDispatchThread.java:93)
	at java.awt.EventDispatchThread.run(EventDispatchThread.java:82)

[FATAL] 2017-04-06 17:54:24: 9041     [AWT-EventQueue-0] ( BasicLogger.java,74 ) - 
java.io.FileNotFoundException: .\excelApl\scenarios\STEP_1\SCENARIO.xml (The system cannot find the path specified)
	at java.io.FileInputStream.open(Native Method)
	at java.io.FileInputStream.<init>(FileInputStream.java:131)
	at org.app.co.jp.dao.ScenarioDao.getScenarioOperationType(ScenarioDao.java:303)
	at org.app.co.jp.dao.OperationDataDao.search(OperationDataDao.java:41)
	at org.app.co.jp.ap.OperationDialog$4.actionPerformed(OperationDialog.java:423)
	at javax.swing.AbstractButton.fireActionPerformed(AbstractButton.java:2022)
	at javax.swing.AbstractButton$Handler.actionPerformed(AbstractButton.java:2346)
	at javax.swing.DefaultButtonModel.fireActionPerformed(DefaultButtonModel.java:402)
	at javax.swing.DefaultButtonModel.setPressed(DefaultButtonModel.java:259)
	at javax.swing.plaf.basic.BasicButtonListener.mouseReleased(BasicButtonListener.java:252)
	at java.awt.Component.processMouseEvent(Component.java:6527)
	at javax.swing.JComponent.processMouseEvent(JComponent.java:3321)
	at java.awt.Component.processEvent(Component.java:6292)
	at java.awt.Container.processEvent(Container.java:2234)
	at java.awt.Component.dispatchEventImpl(Component.java:4883)
	at java.awt.Container.dispatchEventImpl(Container.java:2292)
	at java.awt.Component.dispatchEvent(Component.java:4705)
	at java.awt.LightweightDispatcher.retargetMouseEvent(Container.java:4898)
	at java.awt.LightweightDispatcher.processMouseEvent(Container.java:4533)
	at java.awt.LightweightDispatcher.dispatchEvent(Container.java:4462)
	at java.awt.Container.dispatchEventImpl(Container.java:2278)
	at java.awt.Window.dispatchEventImpl(Window.java:2739)
	at java.awt.Component.dispatchEvent(Component.java:4705)
	at java.awt.EventQueue.dispatchEventImpl(EventQueue.java:746)
	at java.awt.EventQueue.access$400(EventQueue.java:97)
	at java.awt.EventQueue$3.run(EventQueue.java:697)
	at java.awt.EventQueue$3.run(EventQueue.java:691)
	at java.security.AccessController.doPrivileged(Native Method)
	at java.security.ProtectionDomain$1.doIntersectionPrivilege(ProtectionDomain.java:75)
	at java.security.ProtectionDomain$1.doIntersectionPrivilege(ProtectionDomain.java:86)
	at java.awt.EventQueue$4.run(EventQueue.java:719)
	at java.awt.EventQueue$4.run(EventQueue.java:717)
	at java.security.AccessController.doPrivileged(Native Method)
	at java.security.ProtectionDomain$1.doIntersectionPrivilege(ProtectionDomain.java:75)
	at java.awt.EventQueue.dispatchEvent(EventQueue.java:716)
	at java.awt.EventDispatchThread.pumpOneEventForFilters(EventDispatchThread.java:201)
	at java.awt.EventDispatchThread.pumpEventsForFilter(EventDispatchThread.java:116)
	at java.awt.EventDispatchThread.pumpEventsForHierarchy(EventDispatchThread.java:105)
	at java.awt.EventDispatchThread.pumpEvents(EventDispatchThread.java:101)
	at java.awt.EventDispatchThread.pumpEvents(EventDispatchThread.java:93)
	at java.awt.EventDispatchThread.run(EventDispatchThread.java:82)

[FATAL] 2017-04-06 17:54:26: 11047     [AWT-EventQueue-0] ( BasicLogger.java,74 ) - 
java.io.FileNotFoundException: .\excelApl\scenarios\STEP_2\SCENARIO.xml (The system cannot find the path specified)
	at java.io.FileInputStream.open(Native Method)
	at java.io.FileInputStream.<init>(FileInputStream.java:131)
	at org.app.co.jp.dao.ScenarioDao.getScenarioOperationType(ScenarioDao.java:303)
	at org.app.co.jp.dao.OperationDataDao.search(OperationDataDao.java:41)
	at org.app.co.jp.ap.OperationDialog$4.actionPerformed(OperationDialog.java:423)
	at javax.swing.AbstractButton.fireActionPerformed(AbstractButton.java:2022)
	at javax.swing.AbstractButton$Handler.actionPerformed(AbstractButton.java:2346)
	at javax.swing.DefaultButtonModel.fireActionPerformed(DefaultButtonModel.java:402)
	at javax.swing.DefaultButtonModel.setPressed(DefaultButtonModel.java:259)
	at javax.swing.plaf.basic.BasicButtonListener.mouseReleased(BasicButtonListener.java:252)
	at java.awt.Component.processMouseEvent(Component.java:6527)
	at javax.swing.JComponent.processMouseEvent(JComponent.java:3321)
	at java.awt.Component.processEvent(Component.java:6292)
	at java.awt.Container.processEvent(Container.java:2234)
	at java.awt.Component.dispatchEventImpl(Component.java:4883)
	at java.awt.Container.dispatchEventImpl(Container.java:2292)
	at java.awt.Component.dispatchEvent(Component.java:4705)
	at java.awt.LightweightDispatcher.retargetMouseEvent(Container.java:4898)
	at java.awt.LightweightDispatcher.processMouseEvent(Container.java:4533)
	at java.awt.LightweightDispatcher.dispatchEvent(Container.java:4462)
	at java.awt.Container.dispatchEventImpl(Container.java:2278)
	at java.awt.Window.dispatchEventImpl(Window.java:2739)
	at java.awt.Component.dispatchEvent(Component.java:4705)
	at java.awt.EventQueue.dispatchEventImpl(EventQueue.java:746)
	at java.awt.EventQueue.access$400(EventQueue.java:97)
	at java.awt.EventQueue$3.run(EventQueue.java:697)
	at java.awt.EventQueue$3.run(EventQueue.java:691)
	at java.security.AccessController.doPrivileged(Native Method)
	at java.security.ProtectionDomain$1.doIntersectionPrivilege(ProtectionDomain.java:75)
	at java.security.ProtectionDomain$1.doIntersectionPrivilege(ProtectionDomain.java:86)
	at java.awt.EventQueue$4.run(EventQueue.java:719)
	at java.awt.EventQueue$4.run(EventQueue.java:717)
	at java.security.AccessController.doPrivileged(Native Method)
	at java.security.ProtectionDomain$1.doIntersectionPrivilege(ProtectionDomain.java:75)
	at java.awt.EventQueue.dispatchEvent(EventQueue.java:716)
	at java.awt.EventDispatchThread.pumpOneEventForFilters(EventDispatchThread.java:201)
	at java.awt.EventDispatchThread.pumpEventsForFilter(EventDispatchThread.java:116)
	at java.awt.EventDispatchThread.pumpEventsForHierarchy(EventDispatchThread.java:105)
	at java.awt.EventDispatchThread.pumpEvents(EventDispatchThread.java:101)
	at java.awt.EventDispatchThread.pumpEvents(EventDispatchThread.java:93)
	at java.awt.EventDispatchThread.run(EventDispatchThread.java:82)

[FATAL] 2017-04-06 17:54:28: 13054     [AWT-EventQueue-0] ( BasicLogger.java,74 ) - 
java.io.FileNotFoundException: .\excelApl\scenarios\STEP_2\SCENARIO.xml (The system cannot find the path specified)
	at java.io.FileInputStream.open(Native Method)
	at java.io.FileInputStream.<init>(FileInputStream.java:131)
	at org.app.co.jp.dao.ScenarioDao.getScenarioOperationType(ScenarioDao.java:303)
	at org.app.co.jp.dao.OperationDataDao.search(OperationDataDao.java:41)
	at org.app.co.jp.ap.OperationDialog$4.actionPerformed(OperationDialog.java:423)
	at javax.swing.AbstractButton.fireActionPerformed(AbstractButton.java:2022)
	at javax.swing.AbstractButton$Handler.actionPerformed(AbstractButton.java:2346)
	at javax.swing.DefaultButtonModel.fireActionPerformed(DefaultButtonModel.java:402)
	at javax.swing.DefaultButtonModel.setPressed(DefaultButtonModel.java:259)
	at javax.swing.plaf.basic.BasicButtonListener.mouseReleased(BasicButtonListener.java:252)
	at java.awt.Component.processMouseEvent(Component.java:6527)
	at javax.swing.JComponent.processMouseEvent(JComponent.java:3321)
	at java.awt.Component.processEvent(Component.java:6292)
	at java.awt.Container.processEvent(Container.java:2234)
	at java.awt.Component.dispatchEventImpl(Component.java:4883)
	at java.awt.Container.dispatchEventImpl(Container.java:2292)
	at java.awt.Component.dispatchEvent(Component.java:4705)
	at java.awt.LightweightDispatcher.retargetMouseEvent(Container.java:4898)
	at java.awt.LightweightDispatcher.processMouseEvent(Container.java:4533)
	at java.awt.LightweightDispatcher.dispatchEvent(Container.java:4462)
	at java.awt.Container.dispatchEventImpl(Container.java:2278)
	at java.awt.Window.dispatchEventImpl(Window.java:2739)
	at java.awt.Component.dispatchEvent(Component.java:4705)
	at java.awt.EventQueue.dispatchEventImpl(EventQueue.java:746)
	at java.awt.EventQueue.access$400(EventQueue.java:97)
	at java.awt.EventQueue$3.run(EventQueue.java:697)
	at java.awt.EventQueue$3.run(EventQueue.java:691)
	at java.security.AccessController.doPrivileged(Native Method)
	at java.security.ProtectionDomain$1.doIntersectionPrivilege(ProtectionDomain.java:75)
	at java.security.ProtectionDomain$1.doIntersectionPrivilege(ProtectionDomain.java:86)
	at java.awt.EventQueue$4.run(EventQueue.java:719)
	at java.awt.EventQueue$4.run(EventQueue.java:717)
	at java.security.AccessController.doPrivileged(Native Method)
	at java.security.ProtectionDomain$1.doIntersectionPrivilege(ProtectionDomain.java:75)
	at java.awt.EventQueue.dispatchEvent(EventQueue.java:716)
	at java.awt.EventDispatchThread.pumpOneEventForFilters(EventDispatchThread.java:201)
	at java.awt.EventDispatchThread.pumpEventsForFilter(EventDispatchThread.java:116)
	at java.awt.EventDispatchThread.pumpEventsForHierarchy(EventDispatchThread.java:105)
	at java.awt.EventDispatchThread.pumpEvents(EventDispatchThread.java:101)
	at java.awt.EventDispatchThread.pumpEvents(EventDispatchThread.java:93)
	at java.awt.EventDispatchThread.run(EventDispatchThread.java:82)

[FATAL] 2017-04-06 17:55:42: 0        [AWT-EventQueue-0] ( BasicLogger.java,74 ) - 
java.lang.NullPointerException
	at org.app.co.jp.dao.ScenarioDao.getScenarioOperationType(ScenarioDao.java:306)
	at org.app.co.jp.dao.OperationDataDao.getColumns(OperationDataDao.java:96)
	at org.app.co.jp.ap.OperationScenarioDataDialog.setColumnCobValue(OperationScenarioDataDialog.java:513)
	at org.app.co.jp.ap.OperationScenarioDataDialog.access$11(OperationScenarioDataDialog.java:506)
	at org.app.co.jp.ap.OperationScenarioDataDialog$4.actionPerformed(OperationScenarioDataDialog.java:338)
	at javax.swing.AbstractButton.fireActionPerformed(AbstractButton.java:2022)
	at javax.swing.AbstractButton$Handler.actionPerformed(AbstractButton.java:2346)
	at javax.swing.DefaultButtonModel.fireActionPerformed(DefaultButtonModel.java:402)
	at javax.swing.DefaultButtonModel.setPressed(DefaultButtonModel.java:259)
	at javax.swing.plaf.basic.BasicButtonListener.mouseReleased(BasicButtonListener.java:252)
	at java.awt.Component.processMouseEvent(Component.java:6527)
	at javax.swing.JComponent.processMouseEvent(JComponent.java:3321)
	at java.awt.Component.processEvent(Component.java:6292)
	at java.awt.Container.processEvent(Container.java:2234)
	at java.awt.Component.dispatchEventImpl(Component.java:4883)
	at java.awt.Container.dispatchEventImpl(Container.java:2292)
	at java.awt.Component.dispatchEvent(Component.java:4705)
	at java.awt.LightweightDispatcher.retargetMouseEvent(Container.java:4898)
	at java.awt.LightweightDispatcher.processMouseEvent(Container.java:4533)
	at java.awt.LightweightDispatcher.dispatchEvent(Container.java:4462)
	at java.awt.Container.dispatchEventImpl(Container.java:2278)
	at java.awt.Window.dispatchEventImpl(Window.java:2739)
	at java.awt.Component.dispatchEvent(Component.java:4705)
	at java.awt.EventQueue.dispatchEventImpl(EventQueue.java:746)
	at java.awt.EventQueue.access$400(EventQueue.java:97)
	at java.awt.EventQueue$3.run(EventQueue.java:697)
	at java.awt.EventQueue$3.run(EventQueue.java:691)
	at java.security.AccessController.doPrivileged(Native Method)
	at java.security.ProtectionDomain$1.doIntersectionPrivilege(ProtectionDomain.java:75)
	at java.security.ProtectionDomain$1.doIntersectionPrivilege(ProtectionDomain.java:86)
	at java.awt.EventQueue$4.run(EventQueue.java:719)
	at java.awt.EventQueue$4.run(EventQueue.java:717)
	at java.security.AccessController.doPrivileged(Native Method)
	at java.security.ProtectionDomain$1.doIntersectionPrivilege(ProtectionDomain.java:75)
	at java.awt.EventQueue.dispatchEvent(EventQueue.java:716)
	at java.awt.EventDispatchThread.pumpOneEventForFilters(EventDispatchThread.java:201)
	at java.awt.EventDispatchThread.pumpEventsForFilter(EventDispatchThread.java:116)
	at java.awt.EventDispatchThread.pumpEventsForHierarchy(EventDispatchThread.java:105)
	at java.awt.EventDispatchThread.pumpEvents(EventDispatchThread.java:101)
	at java.awt.EventDispatchThread.pumpEvents(EventDispatchThread.java:93)
	at java.awt.EventDispatchThread.run(EventDispatchThread.java:82)

[FATAL] 2017-04-06 17:55:44: 2011     [AWT-EventQueue-0] ( BasicLogger.java,74 ) - 
java.lang.NullPointerException
	at org.app.co.jp.dao.ScenarioDao.getScenarioOperationType(ScenarioDao.java:306)
	at org.app.co.jp.dao.OperationDataDao.getColumns(OperationDataDao.java:96)
	at org.app.co.jp.ap.OperationScenarioDataDialog.setColumnCobValue(OperationScenarioDataDialog.java:513)
	at org.app.co.jp.ap.OperationScenarioDataDialog.access$11(OperationScenarioDataDialog.java:506)
	at org.app.co.jp.ap.OperationScenarioDataDialog$4.actionPerformed(OperationScenarioDataDialog.java:338)
	at javax.swing.AbstractButton.fireActionPerformed(AbstractButton.java:2022)
	at javax.swing.AbstractButton$Handler.actionPerformed(AbstractButton.java:2346)
	at javax.swing.DefaultButtonModel.fireActionPerformed(DefaultButtonModel.java:402)
	at javax.swing.DefaultButtonModel.setPressed(DefaultButtonModel.java:259)
	at javax.swing.plaf.basic.BasicButtonListener.mouseReleased(BasicButtonListener.java:252)
	at java.awt.Component.processMouseEvent(Component.java:6527)
	at javax.swing.JComponent.processMouseEvent(JComponent.java:3321)
	at java.awt.Component.processEvent(Component.java:6292)
	at java.awt.Container.processEvent(Container.java:2234)
	at java.awt.Component.dispatchEventImpl(Component.java:4883)
	at java.awt.Container.dispatchEventImpl(Container.java:2292)
	at java.awt.Component.dispatchEvent(Component.java:4705)
	at java.awt.LightweightDispatcher.retargetMouseEvent(Container.java:4898)
	at java.awt.LightweightDispatcher.processMouseEvent(Container.java:4533)
	at java.awt.LightweightDispatcher.dispatchEvent(Container.java:4462)
	at java.awt.Container.dispatchEventImpl(Container.java:2278)
	at java.awt.Window.dispatchEventImpl(Window.java:2739)
	at java.awt.Component.dispatchEvent(Component.java:4705)
	at java.awt.EventQueue.dispatchEventImpl(EventQueue.java:746)
	at java.awt.EventQueue.access$400(EventQueue.java:97)
	at java.awt.EventQueue$3.run(EventQueue.java:697)
	at java.awt.EventQueue$3.run(EventQueue.java:691)
	at java.security.AccessController.doPrivileged(Native Method)
	at java.security.ProtectionDomain$1.doIntersectionPrivilege(ProtectionDomain.java:75)
	at java.security.ProtectionDomain$1.doIntersectionPrivilege(ProtectionDomain.java:86)
	at java.awt.EventQueue$4.run(EventQueue.java:719)
	at java.awt.EventQueue$4.run(EventQueue.java:717)
	at java.security.AccessController.doPrivileged(Native Method)
	at java.security.ProtectionDomain$1.doIntersectionPrivilege(ProtectionDomain.java:75)
	at java.awt.EventQueue.dispatchEvent(EventQueue.java:716)
	at java.awt.EventDispatchThread.pumpOneEventForFilters(EventDispatchThread.java:201)
	at java.awt.EventDispatchThread.pumpEventsForFilter(EventDispatchThread.java:116)
	at java.awt.EventDispatchThread.pumpEventsForHierarchy(EventDispatchThread.java:105)
	at java.awt.EventDispatchThread.pumpEvents(EventDispatchThread.java:101)
	at java.awt.EventDispatchThread.pumpEvents(EventDispatchThread.java:93)
	at java.awt.EventDispatchThread.run(EventDispatchThread.java:82)

[FATAL] 2017-04-06 17:55:51: 8036     [AWT-EventQueue-0] ( BasicLogger.java,74 ) - 
java.lang.NullPointerException
	at org.app.co.jp.dao.ScenarioDao.getScenarioOperationType(ScenarioDao.java:306)
	at org.app.co.jp.dao.OperationDataDao.getColumns(OperationDataDao.java:96)
	at org.app.co.jp.ap.OperationScenarioDataDialog.setColumnCobValue(OperationScenarioDataDialog.java:513)
	at org.app.co.jp.ap.OperationScenarioDataDialog.access$11(OperationScenarioDataDialog.java:506)
	at org.app.co.jp.ap.OperationScenarioDataDialog$4.actionPerformed(OperationScenarioDataDialog.java:338)
	at javax.swing.AbstractButton.fireActionPerformed(AbstractButton.java:2022)
	at javax.swing.AbstractButton$Handler.actionPerformed(AbstractButton.java:2346)
	at javax.swing.DefaultButtonModel.fireActionPerformed(DefaultButtonModel.java:402)
	at javax.swing.DefaultButtonModel.setPressed(DefaultButtonModel.java:259)
	at javax.swing.plaf.basic.BasicButtonListener.mouseReleased(BasicButtonListener.java:252)
	at java.awt.Component.processMouseEvent(Component.java:6527)
	at javax.swing.JComponent.processMouseEvent(JComponent.java:3321)
	at java.awt.Component.processEvent(Component.java:6292)
	at java.awt.Container.processEvent(Container.java:2234)
	at java.awt.Component.dispatchEventImpl(Component.java:4883)
	at java.awt.Container.dispatchEventImpl(Container.java:2292)
	at java.awt.Component.dispatchEvent(Component.java:4705)
	at java.awt.LightweightDispatcher.retargetMouseEvent(Container.java:4898)
	at java.awt.LightweightDispatcher.processMouseEvent(Container.java:4533)
	at java.awt.LightweightDispatcher.dispatchEvent(Container.java:4462)
	at java.awt.Container.dispatchEventImpl(Container.java:2278)
	at java.awt.Window.dispatchEventImpl(Window.java:2739)
	at java.awt.Component.dispatchEvent(Component.java:4705)
	at java.awt.EventQueue.dispatchEventImpl(EventQueue.java:746)
	at java.awt.EventQueue.access$400(EventQueue.java:97)
	at java.awt.EventQueue$3.run(EventQueue.java:697)
	at java.awt.EventQueue$3.run(EventQueue.java:691)
	at java.security.AccessController.doPrivileged(Native Method)
	at java.security.ProtectionDomain$1.doIntersectionPrivilege(ProtectionDomain.java:75)
	at java.security.ProtectionDomain$1.doIntersectionPrivilege(ProtectionDomain.java:86)
	at java.awt.EventQueue$4.run(EventQueue.java:719)
	at java.awt.EventQueue$4.run(EventQueue.java:717)
	at java.security.AccessController.doPrivileged(Native Method)
	at java.security.ProtectionDomain$1.doIntersectionPrivilege(ProtectionDomain.java:75)
	at java.awt.EventQueue.dispatchEvent(EventQueue.java:716)
	at java.awt.EventDispatchThread.pumpOneEventForFilters(EventDispatchThread.java:201)
	at java.awt.EventDispatchThread.pumpEventsForFilter(EventDispatchThread.java:116)
	at java.awt.EventDispatchThread.pumpEventsForHierarchy(EventDispatchThread.java:105)
	at java.awt.EventDispatchThread.pumpEvents(EventDispatchThread.java:101)
	at java.awt.EventDispatchThread.pumpEvents(EventDispatchThread.java:93)
	at java.awt.EventDispatchThread.run(EventDispatchThread.java:82)

[FATAL] 2017-04-06 17:55:53: 10039     [AWT-EventQueue-0] ( BasicLogger.java,74 ) - 
java.lang.NullPointerException
	at org.app.co.jp.dao.ScenarioDao.getScenarioOperationType(ScenarioDao.java:306)
	at org.app.co.jp.dao.OperationDataDao.getColumns(OperationDataDao.java:96)
	at org.app.co.jp.ap.OperationScenarioDataDialog.setColumnCobValue(OperationScenarioDataDialog.java:513)
	at org.app.co.jp.ap.OperationScenarioDataDialog.access$11(OperationScenarioDataDialog.java:506)
	at org.app.co.jp.ap.OperationScenarioDataDialog$4.actionPerformed(OperationScenarioDataDialog.java:338)
	at javax.swing.AbstractButton.fireActionPerformed(AbstractButton.java:2022)
	at javax.swing.AbstractButton$Handler.actionPerformed(AbstractButton.java:2346)
	at javax.swing.DefaultButtonModel.fireActionPerformed(DefaultButtonModel.java:402)
	at javax.swing.DefaultButtonModel.setPressed(DefaultButtonModel.java:259)
	at javax.swing.plaf.basic.BasicButtonListener.mouseReleased(BasicButtonListener.java:252)
	at java.awt.Component.processMouseEvent(Component.java:6527)
	at javax.swing.JComponent.processMouseEvent(JComponent.java:3321)
	at java.awt.Component.processEvent(Component.java:6292)
	at java.awt.Container.processEvent(Container.java:2234)
	at java.awt.Component.dispatchEventImpl(Component.java:4883)
	at java.awt.Container.dispatchEventImpl(Container.java:2292)
	at java.awt.Component.dispatchEvent(Component.java:4705)
	at java.awt.LightweightDispatcher.retargetMouseEvent(Container.java:4898)
	at java.awt.LightweightDispatcher.processMouseEvent(Container.java:4533)
	at java.awt.LightweightDispatcher.dispatchEvent(Container.java:4462)
	at java.awt.Container.dispatchEventImpl(Container.java:2278)
	at java.awt.Window.dispatchEventImpl(Window.java:2739)
	at java.awt.Component.dispatchEvent(Component.java:4705)
	at java.awt.EventQueue.dispatchEventImpl(EventQueue.java:746)
	at java.awt.EventQueue.access$400(EventQueue.java:97)
	at java.awt.EventQueue$3.run(EventQueue.java:697)
	at java.awt.EventQueue$3.run(EventQueue.java:691)
	at java.security.AccessController.doPrivileged(Native Method)
	at java.security.ProtectionDomain$1.doIntersectionPrivilege(ProtectionDomain.java:75)
	at java.security.ProtectionDomain$1.doIntersectionPrivilege(ProtectionDomain.java:86)
	at java.awt.EventQueue$4.run(EventQueue.java:719)
	at java.awt.EventQueue$4.run(EventQueue.java:717)
	at java.security.AccessController.doPrivileged(Native Method)
	at java.security.ProtectionDomain$1.doIntersectionPrivilege(ProtectionDomain.java:75)
	at java.awt.EventQueue.dispatchEvent(EventQueue.java:716)
	at java.awt.EventDispatchThread.pumpOneEventForFilters(EventDispatchThread.java:201)
	at java.awt.EventDispatchThread.pumpEventsForFilter(EventDispatchThread.java:116)
	at java.awt.EventDispatchThread.pumpEventsForHierarchy(EventDispatchThread.java:105)
	at java.awt.EventDispatchThread.pumpEvents(EventDispatchThread.java:101)
	at java.awt.EventDispatchThread.pumpEvents(EventDispatchThread.java:93)
	at java.awt.EventDispatchThread.run(EventDispatchThread.java:82)

[FATAL] 2017-04-06 18:01:47: 0        [main] ( BasicLogger.java,74 ) - 
java.lang.NullPointerException
	at org.app.co.jp.dao.PageDao.getFiledPropeties(PageDao.java:386)
	at org.app.co.jp.util.AutoOperationDataUtil.getAutoCreateValue(AutoOperationDataUtil.java:178)
	at org.app.co.jp.util.AutoOperationDataUtil.setTableInfo(AutoOperationDataUtil.java:117)
	at org.app.co.jp.util.AutoOperationDataUtil.createDataByOperationId(AutoOperationDataUtil.java:82)
	at org.app.co.jp.util.AutoOperationDataUtil.createOperationData(AutoOperationDataUtil.java:36)
	at org.app.co.jp.util.Utils.analysisCommand(Utils.java:681)
	at org.app.co.jp.util.Utils.addOuterDealPython(Utils.java:476)
	at org.app.co.jp.util.DomXMLUtils.main(DomXMLUtils.java:54)

[FATAL] 2017-04-06 18:04:18: 0        [main] ( BasicLogger.java,74 ) - 
java.lang.NullPointerException
	at org.app.co.jp.dao.PageDao.getFiledPropeties(PageDao.java:386)
	at org.app.co.jp.util.AutoOperationDataUtil.getAutoCreateValue(AutoOperationDataUtil.java:178)
	at org.app.co.jp.util.AutoOperationDataUtil.setTableInfo(AutoOperationDataUtil.java:117)
	at org.app.co.jp.util.AutoOperationDataUtil.createDataByOperationId(AutoOperationDataUtil.java:82)
	at org.app.co.jp.util.AutoOperationDataUtil.createOperationData(AutoOperationDataUtil.java:36)
	at org.app.co.jp.util.Utils.analysisCommand(Unknown Source)
	at org.app.co.jp.util.Utils.addOuterDealPython(Unknown Source)
	at org.app.co.jp.util.DomXMLUtils.main(DomXMLUtils.java:54)

[FATAL] 2017-04-06 19:15:56: 0        [main] ( BasicLogger.java,74 ) - 
java.lang.NullPointerException
	at org.app.co.jp.dao.PageDao.getFiledPropeties(PageDao.java:386)
	at org.app.co.jp.util.AutoOperationDataUtil.getAutoCreateValue(AutoOperationDataUtil.java:178)
	at org.app.co.jp.util.AutoOperationDataUtil.setTableInfo(AutoOperationDataUtil.java:117)
	at org.app.co.jp.util.AutoOperationDataUtil.createDataByOperationId(AutoOperationDataUtil.java:82)
	at org.app.co.jp.util.AutoOperationDataUtil.createOperationData(AutoOperationDataUtil.java:36)
	at org.app.co.jp.util.Utils.analysisCommand(Utils.java:681)
	at org.app.co.jp.util.Utils.addOuterDealPython(Utils.java:476)
	at org.app.co.jp.util.DomXMLUtils.main(DomXMLUtils.java:54)

