[FATAL] 2017-05-17 19:14:16: 0        [main] ( BasicLogger.java,98 ) - [info] HotkeyManager: add Capture Hotkey: CTRL+SHIFT 2 (50, 3)
[FATAL] 2017-05-17 19:14:17: 200      [main] ( BasicLogger.java,98 ) - [info] HotkeyManager: add Abort Hotkey: ALT+SHIFT C (67, 9)
[FATAL] 2017-05-17 19:14:40: 24134     [MainThread] ( BasicLogger.java,98 ) - [info] IDE startup: 36.2 seconds
[FATAL] 2017-05-17 19:15:58: 101950     [Thread-1] ( BasicLogger.java,98 ) - [log]  TYPE "#ENTER."
[FATAL] 2017-05-17 19:18:18: 0        [main] ( BasicLogger.java,98 ) - [info] HotkeyManager: add Capture Hotkey: CTRL+SHIFT 2 (50, 3)
[FATAL] 2017-05-17 19:18:18: 26       [main] ( BasicLogger.java,98 ) - [info] HotkeyManager: add Abort Hotkey: ALT+SHIFT C (67, 9)
[FATAL] 2017-05-17 19:18:30: 11967     [MainThread] ( BasicLogger.java,98 ) - [info] IDE startup: 12.8 seconds
[FATAL] 2017-05-17 19:18:38: 20214     [Thread-1] ( BasicLogger.java,98 ) - [log]  TYPE "#ENTER."
[FATAL] 2017-05-17 19:20:34: 136543     [Thread-2] ( BasicLogger.java,98 ) - [log]  TYPE "#ENTER."
[FATAL] 2017-05-17 19:22:03: 0        [main] ( BasicLogger.java,98 ) - [info] HotkeyManager: add Capture Hotkey: CTRL+SHIFT 2 (50, 3)
[FATAL] 2017-05-17 19:22:03: 20       [main] ( BasicLogger.java,98 ) - [info] HotkeyManager: add Abort Hotkey: ALT+SHIFT C (67, 9)
[FATAL] 2017-05-17 19:22:19: 15918     [MainThread] ( BasicLogger.java,98 ) - [info] IDE startup: 16.8 seconds
[FATAL] 2017-05-17 19:22:27: 24002     [Thread-1] ( BasicLogger.java,98 ) - [log]  TYPE "#ENTER."
[FATAL] 2017-05-17 19:24:29: 0        [main] ( BasicLogger.java,98 ) - [info] HotkeyManager: add Capture Hotkey: CTRL+SHIFT 2 (50, 3)
[FATAL] 2017-05-17 19:24:29: 20       [main] ( BasicLogger.java,98 ) - [info] HotkeyManager: add Abort Hotkey: ALT+SHIFT C (67, 9)
[FATAL] 2017-05-17 19:24:42: 12962     [MainThread] ( BasicLogger.java,98 ) - [info] IDE startup: 13.7 seconds
[FATAL] 2017-05-17 19:25:04: 34278     [Thread-1] ( BasicLogger.java,98 ) - [log]  TYPE "#ENTER."
[FATAL] 2017-05-17 19:25:37: 0        [main] ( BasicLogger.java,98 ) - [info] HotkeyManager: add Capture Hotkey: CTRL+SHIFT 2 (50, 3)
[FATAL] 2017-05-17 19:25:37: 21       [main] ( BasicLogger.java,98 ) - [info] HotkeyManager: add Abort Hotkey: ALT+SHIFT C (67, 9)
[FATAL] 2017-05-17 19:25:50: 12870     [MainThread] ( BasicLogger.java,98 ) - [info] IDE startup: 13.6 seconds
[FATAL] 2017-05-17 19:25:58: 21260     [Thread-1] ( BasicLogger.java,98 ) - [log]  TYPE "#ENTER."
[FATAL] 2017-05-17 19:26:50: 0        [main] ( BasicLogger.java,98 ) - [info] HotkeyManager: add Capture Hotkey: CTRL+SHIFT 2 (50, 3)
[FATAL] 2017-05-17 19:26:50: 19       [main] ( BasicLogger.java,98 ) - [info] HotkeyManager: add Abort Hotkey: ALT+SHIFT C (67, 9)
[FATAL] 2017-05-17 19:27:04: 13974     [MainThread] ( BasicLogger.java,98 ) - [info] IDE startup: 14.7 seconds
[FATAL] 2017-05-17 19:27:11: 21625     [Thread-1] ( BasicLogger.java,98 ) - [log]  TYPE "#ENTER."
[FATAL] 2017-05-17 19:27:51: 60853     [Thread-2] ( BasicLogger.java,98 ) - [log]  TYPE "#ENTER."
[FATAL] 2017-05-17 19:28:13: 83329     [Thread-3] ( BasicLogger.java,98 ) - [log]  TYPE "#ENTER."
[FATAL] 2017-05-17 19:28:49: 119670     [Thread-4] ( BasicLogger.java,98 ) - [log]  TYPE "#ENTER."
[FATAL] 2017-05-17 19:29:25: 155347     [Thread-5] ( BasicLogger.java,98 ) - [log]  TYPE "#ENTER."
[FATAL] 2017-05-17 19:29:39: 0        [main] ( BasicLogger.java,98 ) - [info] HotkeyManager: add Capture Hotkey: CTRL+SHIFT 2 (50, 3)
[FATAL] 2017-05-17 19:29:39: 47       [main] ( BasicLogger.java,98 ) - [info] HotkeyManager: add Abort Hotkey: ALT+SHIFT C (67, 9)
[FATAL] 2017-05-17 19:29:53: 13144     [MainThread] ( BasicLogger.java,98 ) - [info] IDE startup: 13.9 seconds
[FATAL] 2017-05-17 19:30:00: 20829     [Thread-1] ( BasicLogger.java,98 ) - [log]  TYPE "#ENTER."
[FATAL] 2017-05-17 19:34:43: 303292     [Thread-2] ( BasicLogger.java,98 ) - [log]  TYPE "#ENTER."
[FATAL] 2017-05-17 19:34:47: 0        [main] ( BasicLogger.java,98 ) - [info] HotkeyManager: add Capture Hotkey: CTRL+SHIFT 2 (50, 3)
[FATAL] 2017-05-17 19:34:47: 23       [main] ( BasicLogger.java,98 ) - [info] HotkeyManager: add Abort Hotkey: ALT+SHIFT C (67, 9)
[FATAL] 2017-05-17 19:34:59: 12370     [MainThread] ( BasicLogger.java,98 ) - [info] IDE startup: 13.2 seconds
[FATAL] 2017-05-17 19:36:32: 105226     [Thread-1] ( BasicLogger.java,98 ) - [log]  TYPE "#ENTER."
[FATAL] 2017-05-17 19:36:49: 0        [main] ( BasicLogger.java,98 ) - [info] HotkeyManager: add Capture Hotkey: CTRL+SHIFT 2 (50, 3)
[FATAL] 2017-05-17 19:36:49: 22       [main] ( BasicLogger.java,98 ) - [info] HotkeyManager: add Abort Hotkey: ALT+SHIFT C (67, 9)
[FATAL] 2017-05-17 19:37:01: 11750     [MainThread] ( BasicLogger.java,98 ) - [info] IDE startup: 12.6 seconds
[FATAL] 2017-05-17 19:37:16: 26522     [Thread-1] ( BasicLogger.java,98 ) - [log]  TYPE "#ENTER."
[FATAL] 2017-05-17 19:44:05: 1        [main] ( BasicLogger.java,98 ) - [info] HotkeyManager: add Capture Hotkey: CTRL+SHIFT 2 (50, 3)
[FATAL] 2017-05-17 19:44:05: 24       [main] ( BasicLogger.java,98 ) - [info] HotkeyManager: add Abort Hotkey: ALT+SHIFT C (67, 9)
[FATAL] 2017-05-17 19:44:17: 11692     [MainThread] ( BasicLogger.java,98 ) - [info] IDE startup: 12.4 seconds
[FATAL] 2017-05-17 19:45:01: 56101     [Thread-1] ( BasicLogger.java,98 ) - [log]  TYPE "#ENTER."
