[FATAL] 2017-04-11 10:16:09: 0        [Thread-12] ( BasicLogger.java,74 ) - 
org.app.co.jp.com.UserException: The file is not exists:)
	at org.app.co.jp.util.Utils.CreateOperationScript(Utils.java:865)
	at org.app.co.jp.util.Utils.analysisCommand(Utils.java:741)
	at org.app.co.jp.util.Utils.addOuterDealPython(Utils.java:505)
	at org.sikuli.scriptrunner.JythonScriptRunner.runPython(JythonScriptRunner.java:204)
	at org.sikuli.scriptrunner.JythonScriptRunner.runScript(JythonScriptRunner.java:178)
	at org.app.co.jp.util.RunHelp$SubRun.run(RunHelp.java:80)
	at java.lang.Thread.run(Thread.java:745)

[FATAL] 2017-04-11 11:10:20: 0        [AWT-EventQueue-0] ( BasicLogger.java,74 ) - 
org.app.co.jp.com.UserException: The operation definition not exists. please set it again!
	at org.app.co.jp.util.AutoOperationDataUtil.createDataByOperationId(AutoOperationDataUtil.java:54)
	at org.app.co.jp.util.AutoOperationDataUtil.createOperationData(AutoOperationDataUtil.java:34)
	at org.app.co.jp.ap.OperationDialog$2.actionPerformed(OperationDialog.java:247)
	at javax.swing.AbstractButton.fireActionPerformed(AbstractButton.java:2022)
	at javax.swing.AbstractButton$Handler.actionPerformed(AbstractButton.java:2346)
	at javax.swing.DefaultButtonModel.fireActionPerformed(DefaultButtonModel.java:402)
	at javax.swing.DefaultButtonModel.setPressed(DefaultButtonModel.java:259)
	at javax.swing.plaf.basic.BasicButtonListener.mouseReleased(BasicButtonListener.java:252)
	at java.awt.Component.processMouseEvent(Component.java:6527)
	at javax.swing.JComponent.processMouseEvent(JComponent.java:3321)
	at java.awt.Component.processEvent(Component.java:6292)
	at java.awt.Container.processEvent(Container.java:2234)
	at java.awt.Component.dispatchEventImpl(Component.java:4883)
	at java.awt.Container.dispatchEventImpl(Container.java:2292)
	at java.awt.Component.dispatchEvent(Component.java:4705)
	at java.awt.LightweightDispatcher.retargetMouseEvent(Container.java:4898)
	at java.awt.LightweightDispatcher.processMouseEvent(Container.java:4533)
	at java.awt.LightweightDispatcher.dispatchEvent(Container.java:4462)
	at java.awt.Container.dispatchEventImpl(Container.java:2278)
	at java.awt.Window.dispatchEventImpl(Window.java:2739)
	at java.awt.Component.dispatchEvent(Component.java:4705)
	at java.awt.EventQueue.dispatchEventImpl(EventQueue.java:746)
	at java.awt.EventQueue.access$400(EventQueue.java:97)
	at java.awt.EventQueue$3.run(EventQueue.java:697)
	at java.awt.EventQueue$3.run(EventQueue.java:691)
	at java.security.AccessController.doPrivileged(Native Method)
	at java.security.ProtectionDomain$1.doIntersectionPrivilege(ProtectionDomain.java:75)
	at java.security.ProtectionDomain$1.doIntersectionPrivilege(ProtectionDomain.java:86)
	at java.awt.EventQueue$4.run(EventQueue.java:719)
	at java.awt.EventQueue$4.run(EventQueue.java:717)
	at java.security.AccessController.doPrivileged(Native Method)
	at java.security.ProtectionDomain$1.doIntersectionPrivilege(ProtectionDomain.java:75)
	at java.awt.EventQueue.dispatchEvent(EventQueue.java:716)
	at java.awt.EventDispatchThread.pumpOneEventForFilters(EventDispatchThread.java:201)
	at java.awt.EventDispatchThread.pumpEventsForFilter(EventDispatchThread.java:116)
	at java.awt.EventDispatchThread.pumpEventsForHierarchy(EventDispatchThread.java:105)
	at java.awt.EventDispatchThread.pumpEvents(EventDispatchThread.java:101)
	at java.awt.EventDispatchThread.pumpEvents(EventDispatchThread.java:93)
	at java.awt.EventDispatchThread.run(EventDispatchThread.java:82)

[FATAL] 2017-04-11 11:10:57: 36938     [AWT-EventQueue-0] ( BasicLogger.java,74 ) - 
org.app.co.jp.com.UserException: The operation definition not exists. please set it again!
	at org.app.co.jp.util.AutoOperationDataUtil.createDataByOperationId(AutoOperationDataUtil.java:54)
	at org.app.co.jp.util.AutoOperationDataUtil.createOperationData(AutoOperationDataUtil.java:34)
	at org.app.co.jp.ap.OperationDialog$2.actionPerformed(OperationDialog.java:247)
	at javax.swing.AbstractButton.fireActionPerformed(AbstractButton.java:2022)
	at javax.swing.AbstractButton$Handler.actionPerformed(AbstractButton.java:2346)
	at javax.swing.DefaultButtonModel.fireActionPerformed(DefaultButtonModel.java:402)
	at javax.swing.DefaultButtonModel.setPressed(DefaultButtonModel.java:259)
	at javax.swing.plaf.basic.BasicButtonListener.mouseReleased(BasicButtonListener.java:252)
	at java.awt.Component.processMouseEvent(Component.java:6527)
	at javax.swing.JComponent.processMouseEvent(JComponent.java:3321)
	at java.awt.Component.processEvent(Component.java:6292)
	at java.awt.Container.processEvent(Container.java:2234)
	at java.awt.Component.dispatchEventImpl(Component.java:4883)
	at java.awt.Container.dispatchEventImpl(Container.java:2292)
	at java.awt.Component.dispatchEvent(Component.java:4705)
	at java.awt.LightweightDispatcher.retargetMouseEvent(Container.java:4898)
	at java.awt.LightweightDispatcher.processMouseEvent(Container.java:4533)
	at java.awt.LightweightDispatcher.dispatchEvent(Container.java:4462)
	at java.awt.Container.dispatchEventImpl(Container.java:2278)
	at java.awt.Window.dispatchEventImpl(Window.java:2739)
	at java.awt.Component.dispatchEvent(Component.java:4705)
	at java.awt.EventQueue.dispatchEventImpl(EventQueue.java:746)
	at java.awt.EventQueue.access$400(EventQueue.java:97)
	at java.awt.EventQueue$3.run(EventQueue.java:697)
	at java.awt.EventQueue$3.run(EventQueue.java:691)
	at java.security.AccessController.doPrivileged(Native Method)
	at java.security.ProtectionDomain$1.doIntersectionPrivilege(ProtectionDomain.java:75)
	at java.security.ProtectionDomain$1.doIntersectionPrivilege(ProtectionDomain.java:86)
	at java.awt.EventQueue$4.run(EventQueue.java:719)
	at java.awt.EventQueue$4.run(EventQueue.java:717)
	at java.security.AccessController.doPrivileged(Native Method)
	at java.security.ProtectionDomain$1.doIntersectionPrivilege(ProtectionDomain.java:75)
	at java.awt.EventQueue.dispatchEvent(EventQueue.java:716)
	at java.awt.EventDispatchThread.pumpOneEventForFilters(EventDispatchThread.java:201)
	at java.awt.EventDispatchThread.pumpEventsForFilter(EventDispatchThread.java:116)
	at java.awt.EventDispatchThread.pumpEventsForHierarchy(EventDispatchThread.java:105)
	at java.awt.EventDispatchThread.pumpEvents(EventDispatchThread.java:101)
	at java.awt.EventDispatchThread.pumpEvents(EventDispatchThread.java:93)
	at java.awt.EventDispatchThread.run(EventDispatchThread.java:82)

[FATAL] 2017-04-11 14:15:02: 0        [main] ( BasicLogger.java,98 ) - [info] HotkeyManager: add Capture Hotkey: CTRL+SHIFT 2 (50, 3)
[FATAL] 2017-04-11 14:15:02: 23       [main] ( BasicLogger.java,98 ) - [info] HotkeyManager: add Abort Hotkey: ALT+SHIFT C (67, 9)
[FATAL] 2017-04-11 14:15:11: 9538     [MainThread] ( BasicLogger.java,98 ) - [info] IDE startup: 10.1 seconds
[FATAL] 2017-04-11 14:15:18: 16739     [Thread-11] ( BasicLogger.java,98 ) - [log] CLICK on L(898,896)@S(0)[0,0 1600x900] (520 msec)
[FATAL] 2017-04-11 14:15:19: 17912     [Thread-11] ( BasicLogger.java,98 ) - [log] CLICK on L(465,880)@S(0)[0,0 1600x900] (523 msec)
[FATAL] 2017-04-11 14:15:33: 31772     [Thread-11] ( BasicLogger.java,98 ) - [error] script [ C:\Users\shawn.shaohua.wang\git\autoScreen\sikuli_ide\excelApl\scripts\script_74\script_74.sikuli ] stopped with error in line 28
[FATAL] 2017-04-11 14:15:33: 31773     [Thread-11] ( BasicLogger.java,98 ) - [error] FindFailed ( PAGE_68_FIELD_2.png: (143x39) in S(0)[0,0 1600x900] E:Y, T:3.0 )
[FATAL] 2017-04-11 14:15:33: 31774     [Thread-11] ( BasicLogger.java,98 ) - [error] --- Traceback --- error source first
line: module ( function ) statement 
28: script_74temp (  <module> )     click('PAGE_68_FIELD_2.png')
[error] --- Traceback --- end --------------
